[2026-03-15T06:27:00.982+0000] {processor.py:161} INFO - Started process (PID=214) to work on /opt/airflow/dags/tmdb_etl_dag.py
[2026-03-15T06:27:00.984+0000] {processor.py:830} INFO - Processing file /opt/airflow/dags/tmdb_etl_dag.py for tasks to queue
[2026-03-15T06:27:00.986+0000] {logging_mixin.py:188} INFO - [2026-03-15T06:27:00.985+0000] {dagbag.py:538} INFO - Filling up the DagBag from /opt/airflow/dags/tmdb_etl_dag.py
[2026-03-15T06:27:04.055+0000] {processor.py:840} INFO - DAG(s) 'tmdb_snowflake_pipeline' retrieved from /opt/airflow/dags/tmdb_etl_dag.py
[2026-03-15T06:27:04.224+0000] {logging_mixin.py:188} INFO - [2026-03-15T06:27:04.223+0000] {override.py:1769} INFO - Created Permission View: can delete on DAG:tmdb_snowflake_pipeline
[2026-03-15T06:27:04.236+0000] {logging_mixin.py:188} INFO - [2026-03-15T06:27:04.236+0000] {override.py:1769} INFO - Created Permission View: can edit on DAG:tmdb_snowflake_pipeline
[2026-03-15T06:27:04.244+0000] {logging_mixin.py:188} INFO - [2026-03-15T06:27:04.244+0000] {override.py:1769} INFO - Created Permission View: can read on DAG:tmdb_snowflake_pipeline
[2026-03-15T06:27:04.245+0000] {logging_mixin.py:188} INFO - [2026-03-15T06:27:04.245+0000] {dag.py:3036} INFO - Sync 1 DAGs
[2026-03-15T06:27:04.533+0000] {logging_mixin.py:188} INFO - [2026-03-15T06:27:04.533+0000] {dag.py:3058} INFO - Creating ORM DAG for tmdb_snowflake_pipeline
[2026-03-15T06:27:04.544+0000] {logging_mixin.py:188} INFO - [2026-03-15T06:27:04.544+0000] {dag.py:3823} INFO - Setting next_dagrun for tmdb_snowflake_pipeline to 2026-03-15 00:00:00+00:00, run_after=2026-03-16 00:00:00+00:00
[2026-03-15T06:27:04.567+0000] {processor.py:183} INFO - Processing /opt/airflow/dags/tmdb_etl_dag.py took 3.593 seconds
[2026-03-15T06:27:34.726+0000] {processor.py:161} INFO - Started process (PID=244) to work on /opt/airflow/dags/tmdb_etl_dag.py
[2026-03-15T06:27:34.728+0000] {processor.py:830} INFO - Processing file /opt/airflow/dags/tmdb_etl_dag.py for tasks to queue
[2026-03-15T06:27:34.729+0000] {logging_mixin.py:188} INFO - [2026-03-15T06:27:34.729+0000] {dagbag.py:538} INFO - Filling up the DagBag from /opt/airflow/dags/tmdb_etl_dag.py
[2026-03-15T06:27:35.482+0000] {processor.py:840} INFO - DAG(s) 'tmdb_snowflake_pipeline' retrieved from /opt/airflow/dags/tmdb_etl_dag.py
[2026-03-15T06:27:35.509+0000] {logging_mixin.py:188} INFO - [2026-03-15T06:27:35.509+0000] {dag.py:3036} INFO - Sync 1 DAGs
[2026-03-15T06:27:35.530+0000] {logging_mixin.py:188} INFO - [2026-03-15T06:27:35.529+0000] {dag.py:3823} INFO - Setting next_dagrun for tmdb_snowflake_pipeline to 2026-03-15 00:00:00+00:00, run_after=2026-03-16 00:00:00+00:00
[2026-03-15T06:27:35.545+0000] {processor.py:183} INFO - Processing /opt/airflow/dags/tmdb_etl_dag.py took 0.825 seconds
[2026-03-15T06:28:06.077+0000] {processor.py:161} INFO - Started process (PID=252) to work on /opt/airflow/dags/tmdb_etl_dag.py
[2026-03-15T06:28:06.079+0000] {processor.py:830} INFO - Processing file /opt/airflow/dags/tmdb_etl_dag.py for tasks to queue
[2026-03-15T06:28:06.081+0000] {logging_mixin.py:188} INFO - [2026-03-15T06:28:06.080+0000] {dagbag.py:538} INFO - Filling up the DagBag from /opt/airflow/dags/tmdb_etl_dag.py
[2026-03-15T06:28:06.676+0000] {processor.py:840} INFO - DAG(s) 'tmdb_snowflake_pipeline' retrieved from /opt/airflow/dags/tmdb_etl_dag.py
[2026-03-15T06:28:06.703+0000] {logging_mixin.py:188} INFO - [2026-03-15T06:28:06.703+0000] {dag.py:3036} INFO - Sync 1 DAGs
[2026-03-15T06:28:06.721+0000] {logging_mixin.py:188} INFO - [2026-03-15T06:28:06.721+0000] {dag.py:3823} INFO - Setting next_dagrun for tmdb_snowflake_pipeline to 2026-03-15 00:00:00+00:00, run_after=2026-03-16 00:00:00+00:00
[2026-03-15T06:28:06.739+0000] {processor.py:183} INFO - Processing /opt/airflow/dags/tmdb_etl_dag.py took 0.667 seconds
[2026-03-15T06:28:36.819+0000] {processor.py:161} INFO - Started process (PID=259) to work on /opt/airflow/dags/tmdb_etl_dag.py
[2026-03-15T06:28:36.820+0000] {processor.py:830} INFO - Processing file /opt/airflow/dags/tmdb_etl_dag.py for tasks to queue
[2026-03-15T06:28:36.822+0000] {logging_mixin.py:188} INFO - [2026-03-15T06:28:36.821+0000] {dagbag.py:538} INFO - Filling up the DagBag from /opt/airflow/dags/tmdb_etl_dag.py
[2026-03-15T06:28:37.373+0000] {processor.py:840} INFO - DAG(s) 'tmdb_snowflake_pipeline' retrieved from /opt/airflow/dags/tmdb_etl_dag.py
[2026-03-15T06:28:37.399+0000] {logging_mixin.py:188} INFO - [2026-03-15T06:28:37.398+0000] {dag.py:3036} INFO - Sync 1 DAGs
[2026-03-15T06:28:37.417+0000] {logging_mixin.py:188} INFO - [2026-03-15T06:28:37.417+0000] {dag.py:3823} INFO - Setting next_dagrun for tmdb_snowflake_pipeline to 2026-03-15 00:00:00+00:00, run_after=2026-03-16 00:00:00+00:00
[2026-03-15T06:28:37.433+0000] {processor.py:183} INFO - Processing /opt/airflow/dags/tmdb_etl_dag.py took 0.619 seconds
[2026-03-15T06:29:07.562+0000] {processor.py:161} INFO - Started process (PID=266) to work on /opt/airflow/dags/tmdb_etl_dag.py
[2026-03-15T06:29:07.563+0000] {processor.py:830} INFO - Processing file /opt/airflow/dags/tmdb_etl_dag.py for tasks to queue
[2026-03-15T06:29:07.565+0000] {logging_mixin.py:188} INFO - [2026-03-15T06:29:07.564+0000] {dagbag.py:538} INFO - Filling up the DagBag from /opt/airflow/dags/tmdb_etl_dag.py
[2026-03-15T06:29:08.087+0000] {processor.py:840} INFO - DAG(s) 'tmdb_snowflake_pipeline' retrieved from /opt/airflow/dags/tmdb_etl_dag.py
[2026-03-15T06:29:08.112+0000] {logging_mixin.py:188} INFO - [2026-03-15T06:29:08.112+0000] {dag.py:3036} INFO - Sync 1 DAGs
[2026-03-15T06:29:08.130+0000] {logging_mixin.py:188} INFO - [2026-03-15T06:29:08.130+0000] {dag.py:3823} INFO - Setting next_dagrun for tmdb_snowflake_pipeline to 2026-03-15 00:00:00+00:00, run_after=2026-03-16 00:00:00+00:00
[2026-03-15T06:29:08.147+0000] {processor.py:183} INFO - Processing /opt/airflow/dags/tmdb_etl_dag.py took 0.589 seconds
[2026-03-15T06:29:38.245+0000] {processor.py:161} INFO - Started process (PID=273) to work on /opt/airflow/dags/tmdb_etl_dag.py
[2026-03-15T06:29:38.246+0000] {processor.py:830} INFO - Processing file /opt/airflow/dags/tmdb_etl_dag.py for tasks to queue
[2026-03-15T06:29:38.247+0000] {logging_mixin.py:188} INFO - [2026-03-15T06:29:38.247+0000] {dagbag.py:538} INFO - Filling up the DagBag from /opt/airflow/dags/tmdb_etl_dag.py
[2026-03-15T06:29:38.759+0000] {processor.py:840} INFO - DAG(s) 'tmdb_snowflake_pipeline' retrieved from /opt/airflow/dags/tmdb_etl_dag.py
[2026-03-15T06:29:38.784+0000] {logging_mixin.py:188} INFO - [2026-03-15T06:29:38.783+0000] {dag.py:3036} INFO - Sync 1 DAGs
[2026-03-15T06:29:38.801+0000] {logging_mixin.py:188} INFO - [2026-03-15T06:29:38.801+0000] {dag.py:3823} INFO - Setting next_dagrun for tmdb_snowflake_pipeline to 2026-03-15 00:00:00+00:00, run_after=2026-03-16 00:00:00+00:00
[2026-03-15T06:29:38.817+0000] {processor.py:183} INFO - Processing /opt/airflow/dags/tmdb_etl_dag.py took 0.576 seconds
[2026-03-15T06:30:08.916+0000] {processor.py:161} INFO - Started process (PID=280) to work on /opt/airflow/dags/tmdb_etl_dag.py
[2026-03-15T06:30:08.917+0000] {processor.py:830} INFO - Processing file /opt/airflow/dags/tmdb_etl_dag.py for tasks to queue
[2026-03-15T06:30:08.919+0000] {logging_mixin.py:188} INFO - [2026-03-15T06:30:08.918+0000] {dagbag.py:538} INFO - Filling up the DagBag from /opt/airflow/dags/tmdb_etl_dag.py
[2026-03-15T06:30:09.444+0000] {processor.py:840} INFO - DAG(s) 'tmdb_snowflake_pipeline' retrieved from /opt/airflow/dags/tmdb_etl_dag.py
[2026-03-15T06:30:09.470+0000] {logging_mixin.py:188} INFO - [2026-03-15T06:30:09.470+0000] {dag.py:3036} INFO - Sync 1 DAGs
[2026-03-15T06:30:09.490+0000] {logging_mixin.py:188} INFO - [2026-03-15T06:30:09.490+0000] {dag.py:3823} INFO - Setting next_dagrun for tmdb_snowflake_pipeline to 2026-03-15 00:00:00+00:00, run_after=2026-03-16 00:00:00+00:00
[2026-03-15T06:30:09.505+0000] {processor.py:183} INFO - Processing /opt/airflow/dags/tmdb_etl_dag.py took 0.593 seconds
[2026-03-15T06:30:39.558+0000] {processor.py:161} INFO - Started process (PID=287) to work on /opt/airflow/dags/tmdb_etl_dag.py
[2026-03-15T06:30:39.559+0000] {processor.py:830} INFO - Processing file /opt/airflow/dags/tmdb_etl_dag.py for tasks to queue
[2026-03-15T06:30:39.560+0000] {logging_mixin.py:188} INFO - [2026-03-15T06:30:39.559+0000] {dagbag.py:538} INFO - Filling up the DagBag from /opt/airflow/dags/tmdb_etl_dag.py
[2026-03-15T06:30:40.094+0000] {processor.py:840} INFO - DAG(s) 'tmdb_snowflake_pipeline' retrieved from /opt/airflow/dags/tmdb_etl_dag.py
[2026-03-15T06:30:40.120+0000] {logging_mixin.py:188} INFO - [2026-03-15T06:30:40.120+0000] {dag.py:3036} INFO - Sync 1 DAGs
[2026-03-15T06:30:40.140+0000] {logging_mixin.py:188} INFO - [2026-03-15T06:30:40.140+0000] {dag.py:3823} INFO - Setting next_dagrun for tmdb_snowflake_pipeline to 2026-03-15 00:00:00+00:00, run_after=2026-03-16 00:00:00+00:00
[2026-03-15T06:30:40.155+0000] {processor.py:183} INFO - Processing /opt/airflow/dags/tmdb_etl_dag.py took 0.600 seconds
[2026-03-15T06:31:10.233+0000] {processor.py:161} INFO - Started process (PID=294) to work on /opt/airflow/dags/tmdb_etl_dag.py
[2026-03-15T06:31:10.234+0000] {processor.py:830} INFO - Processing file /opt/airflow/dags/tmdb_etl_dag.py for tasks to queue
[2026-03-15T06:31:10.235+0000] {logging_mixin.py:188} INFO - [2026-03-15T06:31:10.235+0000] {dagbag.py:538} INFO - Filling up the DagBag from /opt/airflow/dags/tmdb_etl_dag.py
[2026-03-15T06:31:10.751+0000] {processor.py:840} INFO - DAG(s) 'tmdb_snowflake_pipeline' retrieved from /opt/airflow/dags/tmdb_etl_dag.py
[2026-03-15T06:31:10.779+0000] {logging_mixin.py:188} INFO - [2026-03-15T06:31:10.778+0000] {dag.py:3036} INFO - Sync 1 DAGs
[2026-03-15T06:31:10.797+0000] {logging_mixin.py:188} INFO - [2026-03-15T06:31:10.796+0000] {dag.py:3823} INFO - Setting next_dagrun for tmdb_snowflake_pipeline to 2026-03-15 00:00:00+00:00, run_after=2026-03-16 00:00:00+00:00
[2026-03-15T06:31:10.811+0000] {processor.py:183} INFO - Processing /opt/airflow/dags/tmdb_etl_dag.py took 0.582 seconds
[2026-03-15T06:31:41.656+0000] {processor.py:161} INFO - Started process (PID=301) to work on /opt/airflow/dags/tmdb_etl_dag.py
[2026-03-15T06:31:41.657+0000] {processor.py:830} INFO - Processing file /opt/airflow/dags/tmdb_etl_dag.py for tasks to queue
[2026-03-15T06:31:41.658+0000] {logging_mixin.py:188} INFO - [2026-03-15T06:31:41.657+0000] {dagbag.py:538} INFO - Filling up the DagBag from /opt/airflow/dags/tmdb_etl_dag.py
[2026-03-15T06:31:42.173+0000] {processor.py:840} INFO - DAG(s) 'tmdb_snowflake_pipeline' retrieved from /opt/airflow/dags/tmdb_etl_dag.py
[2026-03-15T06:31:42.197+0000] {logging_mixin.py:188} INFO - [2026-03-15T06:31:42.197+0000] {dag.py:3036} INFO - Sync 1 DAGs
[2026-03-15T06:31:42.215+0000] {logging_mixin.py:188} INFO - [2026-03-15T06:31:42.214+0000] {dag.py:3823} INFO - Setting next_dagrun for tmdb_snowflake_pipeline to 2026-03-15 00:00:00+00:00, run_after=2026-03-16 00:00:00+00:00
[2026-03-15T06:31:42.229+0000] {processor.py:183} INFO - Processing /opt/airflow/dags/tmdb_etl_dag.py took 0.580 seconds
[2026-03-15T06:32:12.332+0000] {processor.py:161} INFO - Started process (PID=308) to work on /opt/airflow/dags/tmdb_etl_dag.py
[2026-03-15T06:32:12.333+0000] {processor.py:830} INFO - Processing file /opt/airflow/dags/tmdb_etl_dag.py for tasks to queue
[2026-03-15T06:32:12.334+0000] {logging_mixin.py:188} INFO - [2026-03-15T06:32:12.334+0000] {dagbag.py:538} INFO - Filling up the DagBag from /opt/airflow/dags/tmdb_etl_dag.py
[2026-03-15T06:32:12.856+0000] {processor.py:840} INFO - DAG(s) 'tmdb_snowflake_pipeline' retrieved from /opt/airflow/dags/tmdb_etl_dag.py
[2026-03-15T06:32:12.884+0000] {logging_mixin.py:188} INFO - [2026-03-15T06:32:12.883+0000] {dag.py:3036} INFO - Sync 1 DAGs
[2026-03-15T06:32:12.902+0000] {logging_mixin.py:188} INFO - [2026-03-15T06:32:12.902+0000] {dag.py:3823} INFO - Setting next_dagrun for tmdb_snowflake_pipeline to 2026-03-15 00:00:00+00:00, run_after=2026-03-16 00:00:00+00:00
[2026-03-15T06:32:12.917+0000] {processor.py:183} INFO - Processing /opt/airflow/dags/tmdb_etl_dag.py took 0.588 seconds
[2026-03-15T06:32:42.985+0000] {processor.py:161} INFO - Started process (PID=315) to work on /opt/airflow/dags/tmdb_etl_dag.py
[2026-03-15T06:32:42.986+0000] {processor.py:830} INFO - Processing file /opt/airflow/dags/tmdb_etl_dag.py for tasks to queue
[2026-03-15T06:32:42.987+0000] {logging_mixin.py:188} INFO - [2026-03-15T06:32:42.986+0000] {dagbag.py:538} INFO - Filling up the DagBag from /opt/airflow/dags/tmdb_etl_dag.py
[2026-03-15T06:32:43.517+0000] {processor.py:840} INFO - DAG(s) 'tmdb_snowflake_pipeline' retrieved from /opt/airflow/dags/tmdb_etl_dag.py
[2026-03-15T06:32:43.542+0000] {logging_mixin.py:188} INFO - [2026-03-15T06:32:43.542+0000] {dag.py:3036} INFO - Sync 1 DAGs
[2026-03-15T06:32:43.562+0000] {logging_mixin.py:188} INFO - [2026-03-15T06:32:43.561+0000] {dag.py:3823} INFO - Setting next_dagrun for tmdb_snowflake_pipeline to 2026-03-15 00:00:00+00:00, run_after=2026-03-16 00:00:00+00:00
[2026-03-15T06:32:43.578+0000] {processor.py:183} INFO - Processing /opt/airflow/dags/tmdb_etl_dag.py took 0.597 seconds
[2026-03-15T06:33:13.672+0000] {processor.py:161} INFO - Started process (PID=322) to work on /opt/airflow/dags/tmdb_etl_dag.py
[2026-03-15T06:33:13.673+0000] {processor.py:830} INFO - Processing file /opt/airflow/dags/tmdb_etl_dag.py for tasks to queue
[2026-03-15T06:33:13.674+0000] {logging_mixin.py:188} INFO - [2026-03-15T06:33:13.674+0000] {dagbag.py:538} INFO - Filling up the DagBag from /opt/airflow/dags/tmdb_etl_dag.py
[2026-03-15T06:33:14.196+0000] {processor.py:840} INFO - DAG(s) 'tmdb_snowflake_pipeline' retrieved from /opt/airflow/dags/tmdb_etl_dag.py
[2026-03-15T06:33:14.220+0000] {logging_mixin.py:188} INFO - [2026-03-15T06:33:14.220+0000] {dag.py:3036} INFO - Sync 1 DAGs
[2026-03-15T06:33:14.239+0000] {logging_mixin.py:188} INFO - [2026-03-15T06:33:14.239+0000] {dag.py:3823} INFO - Setting next_dagrun for tmdb_snowflake_pipeline to 2026-03-15 00:00:00+00:00, run_after=2026-03-16 00:00:00+00:00
[2026-03-15T06:33:14.254+0000] {processor.py:183} INFO - Processing /opt/airflow/dags/tmdb_etl_dag.py took 0.585 seconds
[2026-03-15T06:33:44.320+0000] {processor.py:161} INFO - Started process (PID=329) to work on /opt/airflow/dags/tmdb_etl_dag.py
[2026-03-15T06:33:44.322+0000] {processor.py:830} INFO - Processing file /opt/airflow/dags/tmdb_etl_dag.py for tasks to queue
[2026-03-15T06:33:44.323+0000] {logging_mixin.py:188} INFO - [2026-03-15T06:33:44.322+0000] {dagbag.py:538} INFO - Filling up the DagBag from /opt/airflow/dags/tmdb_etl_dag.py
[2026-03-15T06:33:44.845+0000] {processor.py:840} INFO - DAG(s) 'tmdb_snowflake_pipeline' retrieved from /opt/airflow/dags/tmdb_etl_dag.py
[2026-03-15T06:33:44.870+0000] {logging_mixin.py:188} INFO - [2026-03-15T06:33:44.870+0000] {dag.py:3036} INFO - Sync 1 DAGs
[2026-03-15T06:33:44.889+0000] {logging_mixin.py:188} INFO - [2026-03-15T06:33:44.888+0000] {dag.py:3823} INFO - Setting next_dagrun for tmdb_snowflake_pipeline to 2026-03-15 00:00:00+00:00, run_after=2026-03-16 00:00:00+00:00
[2026-03-15T06:33:44.903+0000] {processor.py:183} INFO - Processing /opt/airflow/dags/tmdb_etl_dag.py took 0.586 seconds
[2026-03-15T06:34:15.014+0000] {processor.py:161} INFO - Started process (PID=336) to work on /opt/airflow/dags/tmdb_etl_dag.py
[2026-03-15T06:34:15.016+0000] {processor.py:830} INFO - Processing file /opt/airflow/dags/tmdb_etl_dag.py for tasks to queue
[2026-03-15T06:34:15.017+0000] {logging_mixin.py:188} INFO - [2026-03-15T06:34:15.016+0000] {dagbag.py:538} INFO - Filling up the DagBag from /opt/airflow/dags/tmdb_etl_dag.py
[2026-03-15T06:34:15.591+0000] {processor.py:840} INFO - DAG(s) 'tmdb_snowflake_pipeline' retrieved from /opt/airflow/dags/tmdb_etl_dag.py
[2026-03-15T06:34:15.620+0000] {logging_mixin.py:188} INFO - [2026-03-15T06:34:15.619+0000] {dag.py:3036} INFO - Sync 1 DAGs
[2026-03-15T06:34:15.639+0000] {logging_mixin.py:188} INFO - [2026-03-15T06:34:15.639+0000] {dag.py:3823} INFO - Setting next_dagrun for tmdb_snowflake_pipeline to 2026-03-15 00:00:00+00:00, run_after=2026-03-16 00:00:00+00:00
[2026-03-15T06:34:15.656+0000] {processor.py:183} INFO - Processing /opt/airflow/dags/tmdb_etl_dag.py took 0.645 seconds
[2026-03-15T06:34:45.724+0000] {processor.py:161} INFO - Started process (PID=343) to work on /opt/airflow/dags/tmdb_etl_dag.py
[2026-03-15T06:34:45.725+0000] {processor.py:830} INFO - Processing file /opt/airflow/dags/tmdb_etl_dag.py for tasks to queue
[2026-03-15T06:34:45.726+0000] {logging_mixin.py:188} INFO - [2026-03-15T06:34:45.726+0000] {dagbag.py:538} INFO - Filling up the DagBag from /opt/airflow/dags/tmdb_etl_dag.py
[2026-03-15T06:34:46.255+0000] {processor.py:840} INFO - DAG(s) 'tmdb_snowflake_pipeline' retrieved from /opt/airflow/dags/tmdb_etl_dag.py
[2026-03-15T06:34:46.280+0000] {logging_mixin.py:188} INFO - [2026-03-15T06:34:46.280+0000] {dag.py:3036} INFO - Sync 1 DAGs
[2026-03-15T06:34:46.298+0000] {logging_mixin.py:188} INFO - [2026-03-15T06:34:46.298+0000] {dag.py:3823} INFO - Setting next_dagrun for tmdb_snowflake_pipeline to 2026-03-15 00:00:00+00:00, run_after=2026-03-16 00:00:00+00:00
[2026-03-15T06:34:46.314+0000] {processor.py:183} INFO - Processing /opt/airflow/dags/tmdb_etl_dag.py took 0.594 seconds
[2026-03-15T06:35:16.416+0000] {processor.py:161} INFO - Started process (PID=350) to work on /opt/airflow/dags/tmdb_etl_dag.py
[2026-03-15T06:35:16.417+0000] {processor.py:830} INFO - Processing file /opt/airflow/dags/tmdb_etl_dag.py for tasks to queue
[2026-03-15T06:35:16.418+0000] {logging_mixin.py:188} INFO - [2026-03-15T06:35:16.418+0000] {dagbag.py:538} INFO - Filling up the DagBag from /opt/airflow/dags/tmdb_etl_dag.py
[2026-03-15T06:35:17.017+0000] {processor.py:840} INFO - DAG(s) 'tmdb_snowflake_pipeline' retrieved from /opt/airflow/dags/tmdb_etl_dag.py
[2026-03-15T06:35:17.045+0000] {logging_mixin.py:188} INFO - [2026-03-15T06:35:17.045+0000] {dag.py:3036} INFO - Sync 1 DAGs
[2026-03-15T06:35:17.067+0000] {logging_mixin.py:188} INFO - [2026-03-15T06:35:17.066+0000] {dag.py:3823} INFO - Setting next_dagrun for tmdb_snowflake_pipeline to 2026-03-15 00:00:00+00:00, run_after=2026-03-16 00:00:00+00:00
[2026-03-15T06:35:17.082+0000] {processor.py:183} INFO - Processing /opt/airflow/dags/tmdb_etl_dag.py took 0.671 seconds
[2026-03-15T06:35:47.452+0000] {processor.py:161} INFO - Started process (PID=357) to work on /opt/airflow/dags/tmdb_etl_dag.py
[2026-03-15T06:35:47.453+0000] {processor.py:830} INFO - Processing file /opt/airflow/dags/tmdb_etl_dag.py for tasks to queue
[2026-03-15T06:35:47.454+0000] {logging_mixin.py:188} INFO - [2026-03-15T06:35:47.454+0000] {dagbag.py:538} INFO - Filling up the DagBag from /opt/airflow/dags/tmdb_etl_dag.py
[2026-03-15T06:35:48.019+0000] {processor.py:840} INFO - DAG(s) 'tmdb_snowflake_pipeline' retrieved from /opt/airflow/dags/tmdb_etl_dag.py
[2026-03-15T06:35:48.046+0000] {logging_mixin.py:188} INFO - [2026-03-15T06:35:48.046+0000] {dag.py:3036} INFO - Sync 1 DAGs
[2026-03-15T06:35:48.065+0000] {logging_mixin.py:188} INFO - [2026-03-15T06:35:48.065+0000] {dag.py:3823} INFO - Setting next_dagrun for tmdb_snowflake_pipeline to 2026-03-15 00:00:00+00:00, run_after=2026-03-16 00:00:00+00:00
[2026-03-15T06:35:48.082+0000] {processor.py:183} INFO - Processing /opt/airflow/dags/tmdb_etl_dag.py took 0.635 seconds
[2026-03-15T06:36:18.749+0000] {processor.py:161} INFO - Started process (PID=364) to work on /opt/airflow/dags/tmdb_etl_dag.py
[2026-03-15T06:36:18.750+0000] {processor.py:830} INFO - Processing file /opt/airflow/dags/tmdb_etl_dag.py for tasks to queue
[2026-03-15T06:36:18.751+0000] {logging_mixin.py:188} INFO - [2026-03-15T06:36:18.751+0000] {dagbag.py:538} INFO - Filling up the DagBag from /opt/airflow/dags/tmdb_etl_dag.py
[2026-03-15T06:36:19.321+0000] {processor.py:840} INFO - DAG(s) 'tmdb_snowflake_pipeline' retrieved from /opt/airflow/dags/tmdb_etl_dag.py
[2026-03-15T06:36:19.348+0000] {logging_mixin.py:188} INFO - [2026-03-15T06:36:19.347+0000] {dag.py:3036} INFO - Sync 1 DAGs
[2026-03-15T06:36:19.367+0000] {logging_mixin.py:188} INFO - [2026-03-15T06:36:19.367+0000] {dag.py:3823} INFO - Setting next_dagrun for tmdb_snowflake_pipeline to 2026-03-15 00:00:00+00:00, run_after=2026-03-16 00:00:00+00:00
[2026-03-15T06:36:19.382+0000] {processor.py:183} INFO - Processing /opt/airflow/dags/tmdb_etl_dag.py took 0.636 seconds
[2026-03-15T06:36:49.473+0000] {processor.py:161} INFO - Started process (PID=371) to work on /opt/airflow/dags/tmdb_etl_dag.py
[2026-03-15T06:36:49.474+0000] {processor.py:830} INFO - Processing file /opt/airflow/dags/tmdb_etl_dag.py for tasks to queue
[2026-03-15T06:36:49.475+0000] {logging_mixin.py:188} INFO - [2026-03-15T06:36:49.475+0000] {dagbag.py:538} INFO - Filling up the DagBag from /opt/airflow/dags/tmdb_etl_dag.py
[2026-03-15T06:36:50.028+0000] {processor.py:840} INFO - DAG(s) 'tmdb_snowflake_pipeline' retrieved from /opt/airflow/dags/tmdb_etl_dag.py
[2026-03-15T06:36:50.054+0000] {logging_mixin.py:188} INFO - [2026-03-15T06:36:50.054+0000] {dag.py:3036} INFO - Sync 1 DAGs
[2026-03-15T06:36:50.075+0000] {logging_mixin.py:188} INFO - [2026-03-15T06:36:50.074+0000] {dag.py:3823} INFO - Setting next_dagrun for tmdb_snowflake_pipeline to 2026-03-15 00:00:00+00:00, run_after=2026-03-16 00:00:00+00:00
[2026-03-15T06:36:50.090+0000] {processor.py:183} INFO - Processing /opt/airflow/dags/tmdb_etl_dag.py took 0.620 seconds
[2026-03-15T06:37:21.103+0000] {processor.py:161} INFO - Started process (PID=378) to work on /opt/airflow/dags/tmdb_etl_dag.py
[2026-03-15T06:37:21.104+0000] {processor.py:830} INFO - Processing file /opt/airflow/dags/tmdb_etl_dag.py for tasks to queue
[2026-03-15T06:37:21.105+0000] {logging_mixin.py:188} INFO - [2026-03-15T06:37:21.104+0000] {dagbag.py:538} INFO - Filling up the DagBag from /opt/airflow/dags/tmdb_etl_dag.py
[2026-03-15T06:37:21.672+0000] {processor.py:840} INFO - DAG(s) 'tmdb_snowflake_pipeline' retrieved from /opt/airflow/dags/tmdb_etl_dag.py
[2026-03-15T06:37:21.701+0000] {logging_mixin.py:188} INFO - [2026-03-15T06:37:21.701+0000] {dag.py:3036} INFO - Sync 1 DAGs
[2026-03-15T06:37:21.722+0000] {logging_mixin.py:188} INFO - [2026-03-15T06:37:21.722+0000] {dag.py:3823} INFO - Setting next_dagrun for tmdb_snowflake_pipeline to 2026-03-15 00:00:00+00:00, run_after=2026-03-16 00:00:00+00:00
[2026-03-15T06:37:21.748+0000] {processor.py:183} INFO - Processing /opt/airflow/dags/tmdb_etl_dag.py took 0.649 seconds
[2026-03-15T06:37:52.432+0000] {processor.py:161} INFO - Started process (PID=385) to work on /opt/airflow/dags/tmdb_etl_dag.py
[2026-03-15T06:37:52.435+0000] {processor.py:830} INFO - Processing file /opt/airflow/dags/tmdb_etl_dag.py for tasks to queue
[2026-03-15T06:37:52.436+0000] {logging_mixin.py:188} INFO - [2026-03-15T06:37:52.436+0000] {dagbag.py:538} INFO - Filling up the DagBag from /opt/airflow/dags/tmdb_etl_dag.py
[2026-03-15T06:37:53.579+0000] {processor.py:840} INFO - DAG(s) 'tmdb_snowflake_pipeline' retrieved from /opt/airflow/dags/tmdb_etl_dag.py
[2026-03-15T06:37:53.623+0000] {logging_mixin.py:188} INFO - [2026-03-15T06:37:53.623+0000] {dag.py:3036} INFO - Sync 1 DAGs
[2026-03-15T06:37:53.654+0000] {logging_mixin.py:188} INFO - [2026-03-15T06:37:53.653+0000] {dag.py:3823} INFO - Setting next_dagrun for tmdb_snowflake_pipeline to 2026-03-15 00:00:00+00:00, run_after=2026-03-16 00:00:00+00:00
[2026-03-15T06:37:53.674+0000] {processor.py:183} INFO - Processing /opt/airflow/dags/tmdb_etl_dag.py took 1.251 seconds
[2026-03-15T06:38:23.760+0000] {processor.py:161} INFO - Started process (PID=392) to work on /opt/airflow/dags/tmdb_etl_dag.py
[2026-03-15T06:38:23.762+0000] {processor.py:830} INFO - Processing file /opt/airflow/dags/tmdb_etl_dag.py for tasks to queue
[2026-03-15T06:38:23.763+0000] {logging_mixin.py:188} INFO - [2026-03-15T06:38:23.763+0000] {dagbag.py:538} INFO - Filling up the DagBag from /opt/airflow/dags/tmdb_etl_dag.py
[2026-03-15T06:38:24.356+0000] {processor.py:840} INFO - DAG(s) 'tmdb_snowflake_pipeline' retrieved from /opt/airflow/dags/tmdb_etl_dag.py
[2026-03-15T06:38:24.393+0000] {logging_mixin.py:188} INFO - [2026-03-15T06:38:24.393+0000] {dag.py:3036} INFO - Sync 1 DAGs
[2026-03-15T06:38:24.417+0000] {logging_mixin.py:188} INFO - [2026-03-15T06:38:24.417+0000] {dag.py:3823} INFO - Setting next_dagrun for tmdb_snowflake_pipeline to 2026-03-15 00:00:00+00:00, run_after=2026-03-16 00:00:00+00:00
[2026-03-15T06:38:24.439+0000] {processor.py:183} INFO - Processing /opt/airflow/dags/tmdb_etl_dag.py took 0.683 seconds
[2026-03-15T06:38:54.744+0000] {processor.py:161} INFO - Started process (PID=399) to work on /opt/airflow/dags/tmdb_etl_dag.py
[2026-03-15T06:38:54.745+0000] {processor.py:830} INFO - Processing file /opt/airflow/dags/tmdb_etl_dag.py for tasks to queue
[2026-03-15T06:38:54.746+0000] {logging_mixin.py:188} INFO - [2026-03-15T06:38:54.745+0000] {dagbag.py:538} INFO - Filling up the DagBag from /opt/airflow/dags/tmdb_etl_dag.py
[2026-03-15T06:38:55.258+0000] {processor.py:840} INFO - DAG(s) 'tmdb_snowflake_pipeline' retrieved from /opt/airflow/dags/tmdb_etl_dag.py
[2026-03-15T06:38:55.286+0000] {logging_mixin.py:188} INFO - [2026-03-15T06:38:55.285+0000] {dag.py:3036} INFO - Sync 1 DAGs
[2026-03-15T06:38:55.306+0000] {logging_mixin.py:188} INFO - [2026-03-15T06:38:55.306+0000] {dag.py:3823} INFO - Setting next_dagrun for tmdb_snowflake_pipeline to 2026-03-15 00:00:00+00:00, run_after=2026-03-16 00:00:00+00:00
[2026-03-15T06:38:55.324+0000] {processor.py:183} INFO - Processing /opt/airflow/dags/tmdb_etl_dag.py took 0.583 seconds
[2026-03-15T06:39:26.161+0000] {processor.py:161} INFO - Started process (PID=406) to work on /opt/airflow/dags/tmdb_etl_dag.py
[2026-03-15T06:39:26.162+0000] {processor.py:830} INFO - Processing file /opt/airflow/dags/tmdb_etl_dag.py for tasks to queue
[2026-03-15T06:39:26.163+0000] {logging_mixin.py:188} INFO - [2026-03-15T06:39:26.162+0000] {dagbag.py:538} INFO - Filling up the DagBag from /opt/airflow/dags/tmdb_etl_dag.py
[2026-03-15T06:39:26.745+0000] {processor.py:840} INFO - DAG(s) 'tmdb_snowflake_pipeline' retrieved from /opt/airflow/dags/tmdb_etl_dag.py
[2026-03-15T06:39:26.775+0000] {logging_mixin.py:188} INFO - [2026-03-15T06:39:26.774+0000] {dag.py:3036} INFO - Sync 1 DAGs
[2026-03-15T06:39:26.796+0000] {logging_mixin.py:188} INFO - [2026-03-15T06:39:26.796+0000] {dag.py:3823} INFO - Setting next_dagrun for tmdb_snowflake_pipeline to 2026-03-15 00:00:00+00:00, run_after=2026-03-16 00:00:00+00:00
[2026-03-15T06:39:26.812+0000] {processor.py:183} INFO - Processing /opt/airflow/dags/tmdb_etl_dag.py took 0.655 seconds
[2026-03-15T06:39:56.870+0000] {processor.py:161} INFO - Started process (PID=414) to work on /opt/airflow/dags/tmdb_etl_dag.py
[2026-03-15T06:39:56.871+0000] {processor.py:830} INFO - Processing file /opt/airflow/dags/tmdb_etl_dag.py for tasks to queue
[2026-03-15T06:39:56.872+0000] {logging_mixin.py:188} INFO - [2026-03-15T06:39:56.871+0000] {dagbag.py:538} INFO - Filling up the DagBag from /opt/airflow/dags/tmdb_etl_dag.py
[2026-03-15T06:39:57.412+0000] {processor.py:840} INFO - DAG(s) 'tmdb_snowflake_pipeline' retrieved from /opt/airflow/dags/tmdb_etl_dag.py
[2026-03-15T06:39:57.437+0000] {logging_mixin.py:188} INFO - [2026-03-15T06:39:57.436+0000] {dag.py:3036} INFO - Sync 1 DAGs
[2026-03-15T06:39:57.455+0000] {logging_mixin.py:188} INFO - [2026-03-15T06:39:57.455+0000] {dag.py:3823} INFO - Setting next_dagrun for tmdb_snowflake_pipeline to 2026-03-15 00:00:00+00:00, run_after=2026-03-16 00:00:00+00:00
[2026-03-15T06:39:57.470+0000] {processor.py:183} INFO - Processing /opt/airflow/dags/tmdb_etl_dag.py took 0.605 seconds
[2026-03-15T06:40:27.999+0000] {processor.py:161} INFO - Started process (PID=421) to work on /opt/airflow/dags/tmdb_etl_dag.py
[2026-03-15T06:40:28.000+0000] {processor.py:830} INFO - Processing file /opt/airflow/dags/tmdb_etl_dag.py for tasks to queue
[2026-03-15T06:40:28.001+0000] {logging_mixin.py:188} INFO - [2026-03-15T06:40:28.001+0000] {dagbag.py:538} INFO - Filling up the DagBag from /opt/airflow/dags/tmdb_etl_dag.py
[2026-03-15T06:40:28.562+0000] {processor.py:840} INFO - DAG(s) 'tmdb_snowflake_pipeline' retrieved from /opt/airflow/dags/tmdb_etl_dag.py
[2026-03-15T06:40:28.590+0000] {logging_mixin.py:188} INFO - [2026-03-15T06:40:28.590+0000] {dag.py:3036} INFO - Sync 1 DAGs
[2026-03-15T06:40:28.609+0000] {logging_mixin.py:188} INFO - [2026-03-15T06:40:28.609+0000] {dag.py:3823} INFO - Setting next_dagrun for tmdb_snowflake_pipeline to 2026-03-15 00:00:00+00:00, run_after=2026-03-16 00:00:00+00:00
[2026-03-15T06:40:28.625+0000] {processor.py:183} INFO - Processing /opt/airflow/dags/tmdb_etl_dag.py took 0.630 seconds
[2026-03-15T06:40:58.852+0000] {processor.py:161} INFO - Started process (PID=428) to work on /opt/airflow/dags/tmdb_etl_dag.py
[2026-03-15T06:40:58.853+0000] {processor.py:830} INFO - Processing file /opt/airflow/dags/tmdb_etl_dag.py for tasks to queue
[2026-03-15T06:40:58.854+0000] {logging_mixin.py:188} INFO - [2026-03-15T06:40:58.853+0000] {dagbag.py:538} INFO - Filling up the DagBag from /opt/airflow/dags/tmdb_etl_dag.py
[2026-03-15T06:40:59.377+0000] {processor.py:840} INFO - DAG(s) 'tmdb_snowflake_pipeline' retrieved from /opt/airflow/dags/tmdb_etl_dag.py
[2026-03-15T06:40:59.403+0000] {logging_mixin.py:188} INFO - [2026-03-15T06:40:59.403+0000] {dag.py:3036} INFO - Sync 1 DAGs
[2026-03-15T06:40:59.421+0000] {logging_mixin.py:188} INFO - [2026-03-15T06:40:59.421+0000] {dag.py:3823} INFO - Setting next_dagrun for tmdb_snowflake_pipeline to 2026-03-15 00:00:00+00:00, run_after=2026-03-16 00:00:00+00:00
[2026-03-15T06:40:59.436+0000] {processor.py:183} INFO - Processing /opt/airflow/dags/tmdb_etl_dag.py took 0.588 seconds
[2026-03-15T06:41:29.558+0000] {processor.py:161} INFO - Started process (PID=439) to work on /opt/airflow/dags/tmdb_etl_dag.py
[2026-03-15T06:41:29.559+0000] {processor.py:830} INFO - Processing file /opt/airflow/dags/tmdb_etl_dag.py for tasks to queue
[2026-03-15T06:41:29.560+0000] {logging_mixin.py:188} INFO - [2026-03-15T06:41:29.560+0000] {dagbag.py:538} INFO - Filling up the DagBag from /opt/airflow/dags/tmdb_etl_dag.py
[2026-03-15T06:41:30.157+0000] {processor.py:840} INFO - DAG(s) 'tmdb_snowflake_pipeline' retrieved from /opt/airflow/dags/tmdb_etl_dag.py
[2026-03-15T06:41:30.184+0000] {logging_mixin.py:188} INFO - [2026-03-15T06:41:30.184+0000] {dag.py:3036} INFO - Sync 1 DAGs
[2026-03-15T06:41:30.204+0000] {logging_mixin.py:188} INFO - [2026-03-15T06:41:30.204+0000] {dag.py:3823} INFO - Setting next_dagrun for tmdb_snowflake_pipeline to 2026-03-15 00:00:00+00:00, run_after=2026-03-16 00:00:00+00:00
[2026-03-15T06:41:30.221+0000] {processor.py:183} INFO - Processing /opt/airflow/dags/tmdb_etl_dag.py took 0.667 seconds
[2026-03-15T06:42:01.182+0000] {processor.py:161} INFO - Started process (PID=446) to work on /opt/airflow/dags/tmdb_etl_dag.py
[2026-03-15T06:42:01.183+0000] {processor.py:830} INFO - Processing file /opt/airflow/dags/tmdb_etl_dag.py for tasks to queue
[2026-03-15T06:42:01.184+0000] {logging_mixin.py:188} INFO - [2026-03-15T06:42:01.183+0000] {dagbag.py:538} INFO - Filling up the DagBag from /opt/airflow/dags/tmdb_etl_dag.py
[2026-03-15T06:42:01.731+0000] {processor.py:840} INFO - DAG(s) 'tmdb_snowflake_pipeline' retrieved from /opt/airflow/dags/tmdb_etl_dag.py
[2026-03-15T06:42:01.758+0000] {logging_mixin.py:188} INFO - [2026-03-15T06:42:01.757+0000] {dag.py:3036} INFO - Sync 1 DAGs
[2026-03-15T06:42:01.779+0000] {logging_mixin.py:188} INFO - [2026-03-15T06:42:01.779+0000] {dag.py:3823} INFO - Setting next_dagrun for tmdb_snowflake_pipeline to 2026-03-15 00:00:00+00:00, run_after=2026-03-16 00:00:00+00:00
[2026-03-15T06:42:01.797+0000] {processor.py:183} INFO - Processing /opt/airflow/dags/tmdb_etl_dag.py took 0.618 seconds
[2026-03-15T06:42:32.471+0000] {processor.py:161} INFO - Started process (PID=453) to work on /opt/airflow/dags/tmdb_etl_dag.py
[2026-03-15T06:42:32.473+0000] {processor.py:830} INFO - Processing file /opt/airflow/dags/tmdb_etl_dag.py for tasks to queue
[2026-03-15T06:42:32.474+0000] {logging_mixin.py:188} INFO - [2026-03-15T06:42:32.473+0000] {dagbag.py:538} INFO - Filling up the DagBag from /opt/airflow/dags/tmdb_etl_dag.py
[2026-03-15T06:42:33.303+0000] {processor.py:840} INFO - DAG(s) 'tmdb_snowflake_pipeline' retrieved from /opt/airflow/dags/tmdb_etl_dag.py
[2026-03-15T06:42:33.336+0000] {logging_mixin.py:188} INFO - [2026-03-15T06:42:33.336+0000] {dag.py:3036} INFO - Sync 1 DAGs
[2026-03-15T06:42:33.355+0000] {logging_mixin.py:188} INFO - [2026-03-15T06:42:33.355+0000] {dag.py:3823} INFO - Setting next_dagrun for tmdb_snowflake_pipeline to 2026-03-15 00:00:00+00:00, run_after=2026-03-16 00:00:00+00:00
[2026-03-15T06:42:33.370+0000] {processor.py:183} INFO - Processing /opt/airflow/dags/tmdb_etl_dag.py took 0.903 seconds
[2026-03-15T06:43:03.569+0000] {processor.py:161} INFO - Started process (PID=460) to work on /opt/airflow/dags/tmdb_etl_dag.py
[2026-03-15T06:43:03.570+0000] {processor.py:830} INFO - Processing file /opt/airflow/dags/tmdb_etl_dag.py for tasks to queue
[2026-03-15T06:43:03.571+0000] {logging_mixin.py:188} INFO - [2026-03-15T06:43:03.571+0000] {dagbag.py:538} INFO - Filling up the DagBag from /opt/airflow/dags/tmdb_etl_dag.py
[2026-03-15T06:43:04.083+0000] {processor.py:840} INFO - DAG(s) 'tmdb_snowflake_pipeline' retrieved from /opt/airflow/dags/tmdb_etl_dag.py
[2026-03-15T06:43:04.106+0000] {logging_mixin.py:188} INFO - [2026-03-15T06:43:04.106+0000] {dag.py:3036} INFO - Sync 1 DAGs
[2026-03-15T06:43:04.125+0000] {logging_mixin.py:188} INFO - [2026-03-15T06:43:04.124+0000] {dag.py:3823} INFO - Setting next_dagrun for tmdb_snowflake_pipeline to 2026-03-15 00:00:00+00:00, run_after=2026-03-16 00:00:00+00:00
[2026-03-15T06:43:04.139+0000] {processor.py:183} INFO - Processing /opt/airflow/dags/tmdb_etl_dag.py took 0.573 seconds
[2026-03-15T06:43:34.683+0000] {processor.py:161} INFO - Started process (PID=467) to work on /opt/airflow/dags/tmdb_etl_dag.py
[2026-03-15T06:43:34.684+0000] {processor.py:830} INFO - Processing file /opt/airflow/dags/tmdb_etl_dag.py for tasks to queue
[2026-03-15T06:43:34.685+0000] {logging_mixin.py:188} INFO - [2026-03-15T06:43:34.684+0000] {dagbag.py:538} INFO - Filling up the DagBag from /opt/airflow/dags/tmdb_etl_dag.py
[2026-03-15T06:43:35.199+0000] {processor.py:840} INFO - DAG(s) 'tmdb_snowflake_pipeline' retrieved from /opt/airflow/dags/tmdb_etl_dag.py
[2026-03-15T06:43:35.224+0000] {logging_mixin.py:188} INFO - [2026-03-15T06:43:35.224+0000] {dag.py:3036} INFO - Sync 1 DAGs
[2026-03-15T06:43:35.241+0000] {logging_mixin.py:188} INFO - [2026-03-15T06:43:35.241+0000] {dag.py:3823} INFO - Setting next_dagrun for tmdb_snowflake_pipeline to 2026-03-15 00:00:00+00:00, run_after=2026-03-16 00:00:00+00:00
[2026-03-15T06:43:35.255+0000] {processor.py:183} INFO - Processing /opt/airflow/dags/tmdb_etl_dag.py took 0.575 seconds
[2026-03-15T06:44:06.189+0000] {processor.py:161} INFO - Started process (PID=474) to work on /opt/airflow/dags/tmdb_etl_dag.py
[2026-03-15T06:44:06.190+0000] {processor.py:830} INFO - Processing file /opt/airflow/dags/tmdb_etl_dag.py for tasks to queue
[2026-03-15T06:44:06.191+0000] {logging_mixin.py:188} INFO - [2026-03-15T06:44:06.190+0000] {dagbag.py:538} INFO - Filling up the DagBag from /opt/airflow/dags/tmdb_etl_dag.py
[2026-03-15T06:44:06.702+0000] {processor.py:840} INFO - DAG(s) 'tmdb_snowflake_pipeline' retrieved from /opt/airflow/dags/tmdb_etl_dag.py
[2026-03-15T06:44:06.727+0000] {logging_mixin.py:188} INFO - [2026-03-15T06:44:06.727+0000] {dag.py:3036} INFO - Sync 1 DAGs
[2026-03-15T06:44:06.745+0000] {logging_mixin.py:188} INFO - [2026-03-15T06:44:06.745+0000] {dag.py:3823} INFO - Setting next_dagrun for tmdb_snowflake_pipeline to 2026-03-15 00:00:00+00:00, run_after=2026-03-16 00:00:00+00:00
[2026-03-15T06:44:06.764+0000] {processor.py:183} INFO - Processing /opt/airflow/dags/tmdb_etl_dag.py took 0.579 seconds
[2026-03-15T06:44:37.217+0000] {processor.py:161} INFO - Started process (PID=481) to work on /opt/airflow/dags/tmdb_etl_dag.py
[2026-03-15T06:44:37.218+0000] {processor.py:830} INFO - Processing file /opt/airflow/dags/tmdb_etl_dag.py for tasks to queue
[2026-03-15T06:44:37.218+0000] {logging_mixin.py:188} INFO - [2026-03-15T06:44:37.218+0000] {dagbag.py:538} INFO - Filling up the DagBag from /opt/airflow/dags/tmdb_etl_dag.py
[2026-03-15T06:44:37.725+0000] {processor.py:840} INFO - DAG(s) 'tmdb_snowflake_pipeline' retrieved from /opt/airflow/dags/tmdb_etl_dag.py
[2026-03-15T06:44:37.750+0000] {logging_mixin.py:188} INFO - [2026-03-15T06:44:37.750+0000] {dag.py:3036} INFO - Sync 1 DAGs
[2026-03-15T06:44:37.767+0000] {logging_mixin.py:188} INFO - [2026-03-15T06:44:37.767+0000] {dag.py:3823} INFO - Setting next_dagrun for tmdb_snowflake_pipeline to 2026-03-15 00:00:00+00:00, run_after=2026-03-16 00:00:00+00:00
[2026-03-15T06:44:37.781+0000] {processor.py:183} INFO - Processing /opt/airflow/dags/tmdb_etl_dag.py took 0.568 seconds
[2026-03-15T06:45:08.765+0000] {processor.py:161} INFO - Started process (PID=488) to work on /opt/airflow/dags/tmdb_etl_dag.py
[2026-03-15T06:45:08.766+0000] {processor.py:830} INFO - Processing file /opt/airflow/dags/tmdb_etl_dag.py for tasks to queue
[2026-03-15T06:45:08.767+0000] {logging_mixin.py:188} INFO - [2026-03-15T06:45:08.767+0000] {dagbag.py:538} INFO - Filling up the DagBag from /opt/airflow/dags/tmdb_etl_dag.py
[2026-03-15T06:45:09.282+0000] {processor.py:840} INFO - DAG(s) 'tmdb_snowflake_pipeline' retrieved from /opt/airflow/dags/tmdb_etl_dag.py
[2026-03-15T06:45:09.307+0000] {logging_mixin.py:188} INFO - [2026-03-15T06:45:09.306+0000] {dag.py:3036} INFO - Sync 1 DAGs
[2026-03-15T06:45:09.325+0000] {logging_mixin.py:188} INFO - [2026-03-15T06:45:09.325+0000] {dag.py:3823} INFO - Setting next_dagrun for tmdb_snowflake_pipeline to 2026-03-15 00:00:00+00:00, run_after=2026-03-16 00:00:00+00:00
[2026-03-15T06:45:09.339+0000] {processor.py:183} INFO - Processing /opt/airflow/dags/tmdb_etl_dag.py took 0.577 seconds
[2026-03-15T06:45:39.728+0000] {processor.py:161} INFO - Started process (PID=495) to work on /opt/airflow/dags/tmdb_etl_dag.py
[2026-03-15T06:45:39.729+0000] {processor.py:830} INFO - Processing file /opt/airflow/dags/tmdb_etl_dag.py for tasks to queue
[2026-03-15T06:45:39.730+0000] {logging_mixin.py:188} INFO - [2026-03-15T06:45:39.729+0000] {dagbag.py:538} INFO - Filling up the DagBag from /opt/airflow/dags/tmdb_etl_dag.py
[2026-03-15T06:45:40.271+0000] {processor.py:840} INFO - DAG(s) 'tmdb_snowflake_pipeline' retrieved from /opt/airflow/dags/tmdb_etl_dag.py
[2026-03-15T06:45:40.299+0000] {logging_mixin.py:188} INFO - [2026-03-15T06:45:40.299+0000] {dag.py:3036} INFO - Sync 1 DAGs
[2026-03-15T06:45:40.320+0000] {logging_mixin.py:188} INFO - [2026-03-15T06:45:40.319+0000] {dag.py:3823} INFO - Setting next_dagrun for tmdb_snowflake_pipeline to 2026-03-15 00:00:00+00:00, run_after=2026-03-16 00:00:00+00:00
[2026-03-15T06:45:40.336+0000] {processor.py:183} INFO - Processing /opt/airflow/dags/tmdb_etl_dag.py took 0.611 seconds
[2026-03-15T06:46:11.336+0000] {processor.py:161} INFO - Started process (PID=502) to work on /opt/airflow/dags/tmdb_etl_dag.py
[2026-03-15T06:46:11.337+0000] {processor.py:830} INFO - Processing file /opt/airflow/dags/tmdb_etl_dag.py for tasks to queue
[2026-03-15T06:46:11.338+0000] {logging_mixin.py:188} INFO - [2026-03-15T06:46:11.338+0000] {dagbag.py:538} INFO - Filling up the DagBag from /opt/airflow/dags/tmdb_etl_dag.py
[2026-03-15T06:46:11.849+0000] {processor.py:840} INFO - DAG(s) 'tmdb_snowflake_pipeline' retrieved from /opt/airflow/dags/tmdb_etl_dag.py
[2026-03-15T06:46:11.874+0000] {logging_mixin.py:188} INFO - [2026-03-15T06:46:11.874+0000] {dag.py:3036} INFO - Sync 1 DAGs
[2026-03-15T06:46:11.892+0000] {logging_mixin.py:188} INFO - [2026-03-15T06:46:11.892+0000] {dag.py:3823} INFO - Setting next_dagrun for tmdb_snowflake_pipeline to 2026-03-15 00:00:00+00:00, run_after=2026-03-16 00:00:00+00:00
[2026-03-15T06:46:11.906+0000] {processor.py:183} INFO - Processing /opt/airflow/dags/tmdb_etl_dag.py took 0.573 seconds
[2026-03-15T06:46:42.335+0000] {processor.py:161} INFO - Started process (PID=509) to work on /opt/airflow/dags/tmdb_etl_dag.py
[2026-03-15T06:46:42.336+0000] {processor.py:830} INFO - Processing file /opt/airflow/dags/tmdb_etl_dag.py for tasks to queue
[2026-03-15T06:46:42.337+0000] {logging_mixin.py:188} INFO - [2026-03-15T06:46:42.337+0000] {dagbag.py:538} INFO - Filling up the DagBag from /opt/airflow/dags/tmdb_etl_dag.py
[2026-03-15T06:46:42.852+0000] {processor.py:840} INFO - DAG(s) 'tmdb_snowflake_pipeline' retrieved from /opt/airflow/dags/tmdb_etl_dag.py
[2026-03-15T06:46:42.878+0000] {logging_mixin.py:188} INFO - [2026-03-15T06:46:42.877+0000] {dag.py:3036} INFO - Sync 1 DAGs
[2026-03-15T06:46:42.895+0000] {logging_mixin.py:188} INFO - [2026-03-15T06:46:42.895+0000] {dag.py:3823} INFO - Setting next_dagrun for tmdb_snowflake_pipeline to 2026-03-15 00:00:00+00:00, run_after=2026-03-16 00:00:00+00:00
[2026-03-15T06:46:42.909+0000] {processor.py:183} INFO - Processing /opt/airflow/dags/tmdb_etl_dag.py took 0.577 seconds
[2026-03-15T06:47:13.518+0000] {processor.py:161} INFO - Started process (PID=520) to work on /opt/airflow/dags/tmdb_etl_dag.py
[2026-03-15T06:47:13.520+0000] {processor.py:830} INFO - Processing file /opt/airflow/dags/tmdb_etl_dag.py for tasks to queue
[2026-03-15T06:47:13.520+0000] {logging_mixin.py:188} INFO - [2026-03-15T06:47:13.520+0000] {dagbag.py:538} INFO - Filling up the DagBag from /opt/airflow/dags/tmdb_etl_dag.py
[2026-03-15T06:47:14.074+0000] {processor.py:840} INFO - DAG(s) 'tmdb_snowflake_pipeline' retrieved from /opt/airflow/dags/tmdb_etl_dag.py
[2026-03-15T06:47:14.098+0000] {logging_mixin.py:188} INFO - [2026-03-15T06:47:14.098+0000] {dag.py:3036} INFO - Sync 1 DAGs
[2026-03-15T06:47:14.117+0000] {logging_mixin.py:188} INFO - [2026-03-15T06:47:14.116+0000] {dag.py:3823} INFO - Setting next_dagrun for tmdb_snowflake_pipeline to 2026-03-15 00:00:00+00:00, run_after=2026-03-16 00:00:00+00:00
[2026-03-15T06:47:14.132+0000] {processor.py:183} INFO - Processing /opt/airflow/dags/tmdb_etl_dag.py took 0.617 seconds
[2026-03-15T06:47:44.762+0000] {processor.py:161} INFO - Started process (PID=527) to work on /opt/airflow/dags/tmdb_etl_dag.py
[2026-03-15T06:47:44.763+0000] {processor.py:830} INFO - Processing file /opt/airflow/dags/tmdb_etl_dag.py for tasks to queue
[2026-03-15T06:47:44.764+0000] {logging_mixin.py:188} INFO - [2026-03-15T06:47:44.764+0000] {dagbag.py:538} INFO - Filling up the DagBag from /opt/airflow/dags/tmdb_etl_dag.py
[2026-03-15T06:47:45.363+0000] {processor.py:840} INFO - DAG(s) 'tmdb_snowflake_pipeline' retrieved from /opt/airflow/dags/tmdb_etl_dag.py
[2026-03-15T06:47:45.396+0000] {logging_mixin.py:188} INFO - [2026-03-15T06:47:45.396+0000] {dag.py:3036} INFO - Sync 1 DAGs
[2026-03-15T06:47:45.421+0000] {logging_mixin.py:188} INFO - [2026-03-15T06:47:45.421+0000] {dag.py:3823} INFO - Setting next_dagrun for tmdb_snowflake_pipeline to 2026-03-15 00:00:00+00:00, run_after=2026-03-16 00:00:00+00:00
[2026-03-15T06:47:45.442+0000] {processor.py:183} INFO - Processing /opt/airflow/dags/tmdb_etl_dag.py took 0.684 seconds
[2026-03-15T06:48:15.800+0000] {processor.py:161} INFO - Started process (PID=534) to work on /opt/airflow/dags/tmdb_etl_dag.py
[2026-03-15T06:48:15.801+0000] {processor.py:830} INFO - Processing file /opt/airflow/dags/tmdb_etl_dag.py for tasks to queue
[2026-03-15T06:48:15.802+0000] {logging_mixin.py:188} INFO - [2026-03-15T06:48:15.802+0000] {dagbag.py:538} INFO - Filling up the DagBag from /opt/airflow/dags/tmdb_etl_dag.py
[2026-03-15T06:48:16.690+0000] {processor.py:840} INFO - DAG(s) 'tmdb_snowflake_pipeline' retrieved from /opt/airflow/dags/tmdb_etl_dag.py
[2026-03-15T06:48:16.722+0000] {logging_mixin.py:188} INFO - [2026-03-15T06:48:16.721+0000] {dag.py:3036} INFO - Sync 1 DAGs
[2026-03-15T06:48:16.740+0000] {logging_mixin.py:188} INFO - [2026-03-15T06:48:16.740+0000] {dag.py:3823} INFO - Setting next_dagrun for tmdb_snowflake_pipeline to 2026-03-15 00:00:00+00:00, run_after=2026-03-16 00:00:00+00:00
[2026-03-15T06:48:16.755+0000] {processor.py:183} INFO - Processing /opt/airflow/dags/tmdb_etl_dag.py took 0.960 seconds
[2026-03-15T06:48:47.522+0000] {processor.py:161} INFO - Started process (PID=541) to work on /opt/airflow/dags/tmdb_etl_dag.py
[2026-03-15T06:48:47.523+0000] {processor.py:830} INFO - Processing file /opt/airflow/dags/tmdb_etl_dag.py for tasks to queue
[2026-03-15T06:48:47.524+0000] {logging_mixin.py:188} INFO - [2026-03-15T06:48:47.524+0000] {dagbag.py:538} INFO - Filling up the DagBag from /opt/airflow/dags/tmdb_etl_dag.py
[2026-03-15T06:48:48.058+0000] {processor.py:840} INFO - DAG(s) 'tmdb_snowflake_pipeline' retrieved from /opt/airflow/dags/tmdb_etl_dag.py
[2026-03-15T06:48:48.082+0000] {logging_mixin.py:188} INFO - [2026-03-15T06:48:48.082+0000] {dag.py:3036} INFO - Sync 1 DAGs
[2026-03-15T06:48:48.102+0000] {logging_mixin.py:188} INFO - [2026-03-15T06:48:48.101+0000] {dag.py:3823} INFO - Setting next_dagrun for tmdb_snowflake_pipeline to 2026-03-15 00:00:00+00:00, run_after=2026-03-16 00:00:00+00:00
[2026-03-15T06:48:48.118+0000] {processor.py:183} INFO - Processing /opt/airflow/dags/tmdb_etl_dag.py took 0.600 seconds
[2026-03-15T06:49:18.289+0000] {processor.py:161} INFO - Started process (PID=548) to work on /opt/airflow/dags/tmdb_etl_dag.py
[2026-03-15T06:49:18.290+0000] {processor.py:830} INFO - Processing file /opt/airflow/dags/tmdb_etl_dag.py for tasks to queue
[2026-03-15T06:49:18.291+0000] {logging_mixin.py:188} INFO - [2026-03-15T06:49:18.290+0000] {dagbag.py:538} INFO - Filling up the DagBag from /opt/airflow/dags/tmdb_etl_dag.py
[2026-03-15T06:49:18.892+0000] {processor.py:840} INFO - DAG(s) 'tmdb_snowflake_pipeline' retrieved from /opt/airflow/dags/tmdb_etl_dag.py
[2026-03-15T06:49:18.921+0000] {logging_mixin.py:188} INFO - [2026-03-15T06:49:18.920+0000] {dag.py:3036} INFO - Sync 1 DAGs
[2026-03-15T06:49:18.941+0000] {logging_mixin.py:188} INFO - [2026-03-15T06:49:18.940+0000] {dag.py:3823} INFO - Setting next_dagrun for tmdb_snowflake_pipeline to 2026-03-15 00:00:00+00:00, run_after=2026-03-16 00:00:00+00:00
[2026-03-15T06:49:18.957+0000] {processor.py:183} INFO - Processing /opt/airflow/dags/tmdb_etl_dag.py took 0.673 seconds
[2026-03-15T06:49:49.457+0000] {processor.py:161} INFO - Started process (PID=555) to work on /opt/airflow/dags/tmdb_etl_dag.py
[2026-03-15T06:49:49.458+0000] {processor.py:830} INFO - Processing file /opt/airflow/dags/tmdb_etl_dag.py for tasks to queue
[2026-03-15T06:49:49.459+0000] {logging_mixin.py:188} INFO - [2026-03-15T06:49:49.459+0000] {dagbag.py:538} INFO - Filling up the DagBag from /opt/airflow/dags/tmdb_etl_dag.py
[2026-03-15T06:49:50.050+0000] {processor.py:840} INFO - DAG(s) 'tmdb_snowflake_pipeline' retrieved from /opt/airflow/dags/tmdb_etl_dag.py
[2026-03-15T06:49:50.078+0000] {logging_mixin.py:188} INFO - [2026-03-15T06:49:50.077+0000] {dag.py:3036} INFO - Sync 1 DAGs
[2026-03-15T06:49:50.098+0000] {logging_mixin.py:188} INFO - [2026-03-15T06:49:50.098+0000] {dag.py:3823} INFO - Setting next_dagrun for tmdb_snowflake_pipeline to 2026-03-15 00:00:00+00:00, run_after=2026-03-16 00:00:00+00:00
[2026-03-15T06:49:50.118+0000] {processor.py:183} INFO - Processing /opt/airflow/dags/tmdb_etl_dag.py took 0.665 seconds
[2026-03-15T06:50:20.809+0000] {processor.py:161} INFO - Started process (PID=562) to work on /opt/airflow/dags/tmdb_etl_dag.py
[2026-03-15T06:50:20.810+0000] {processor.py:830} INFO - Processing file /opt/airflow/dags/tmdb_etl_dag.py for tasks to queue
[2026-03-15T06:50:20.811+0000] {logging_mixin.py:188} INFO - [2026-03-15T06:50:20.811+0000] {dagbag.py:538} INFO - Filling up the DagBag from /opt/airflow/dags/tmdb_etl_dag.py
[2026-03-15T06:50:21.786+0000] {processor.py:840} INFO - DAG(s) 'tmdb_snowflake_pipeline' retrieved from /opt/airflow/dags/tmdb_etl_dag.py
[2026-03-15T06:50:21.821+0000] {logging_mixin.py:188} INFO - [2026-03-15T06:50:21.821+0000] {dag.py:3036} INFO - Sync 1 DAGs
[2026-03-15T06:50:21.843+0000] {logging_mixin.py:188} INFO - [2026-03-15T06:50:21.843+0000] {dag.py:3823} INFO - Setting next_dagrun for tmdb_snowflake_pipeline to 2026-03-15 00:00:00+00:00, run_after=2026-03-16 00:00:00+00:00
[2026-03-15T06:50:21.861+0000] {processor.py:183} INFO - Processing /opt/airflow/dags/tmdb_etl_dag.py took 1.056 seconds
[2026-03-15T06:50:52.844+0000] {processor.py:161} INFO - Started process (PID=569) to work on /opt/airflow/dags/tmdb_etl_dag.py
[2026-03-15T06:50:52.845+0000] {processor.py:830} INFO - Processing file /opt/airflow/dags/tmdb_etl_dag.py for tasks to queue
[2026-03-15T06:50:52.846+0000] {logging_mixin.py:188} INFO - [2026-03-15T06:50:52.845+0000] {dagbag.py:538} INFO - Filling up the DagBag from /opt/airflow/dags/tmdb_etl_dag.py
[2026-03-15T06:50:53.435+0000] {processor.py:840} INFO - DAG(s) 'tmdb_snowflake_pipeline' retrieved from /opt/airflow/dags/tmdb_etl_dag.py
[2026-03-15T06:50:53.462+0000] {logging_mixin.py:188} INFO - [2026-03-15T06:50:53.462+0000] {dag.py:3036} INFO - Sync 1 DAGs
[2026-03-15T06:50:53.482+0000] {logging_mixin.py:188} INFO - [2026-03-15T06:50:53.482+0000] {dag.py:3823} INFO - Setting next_dagrun for tmdb_snowflake_pipeline to 2026-03-15 00:00:00+00:00, run_after=2026-03-16 00:00:00+00:00
[2026-03-15T06:50:53.501+0000] {processor.py:183} INFO - Processing /opt/airflow/dags/tmdb_etl_dag.py took 0.660 seconds
[2026-03-15T06:51:24.064+0000] {processor.py:161} INFO - Started process (PID=576) to work on /opt/airflow/dags/tmdb_etl_dag.py
[2026-03-15T06:51:24.065+0000] {processor.py:830} INFO - Processing file /opt/airflow/dags/tmdb_etl_dag.py for tasks to queue
[2026-03-15T06:51:24.066+0000] {logging_mixin.py:188} INFO - [2026-03-15T06:51:24.066+0000] {dagbag.py:538} INFO - Filling up the DagBag from /opt/airflow/dags/tmdb_etl_dag.py
[2026-03-15T06:51:24.642+0000] {processor.py:840} INFO - DAG(s) 'tmdb_snowflake_pipeline' retrieved from /opt/airflow/dags/tmdb_etl_dag.py
[2026-03-15T06:51:24.670+0000] {logging_mixin.py:188} INFO - [2026-03-15T06:51:24.670+0000] {dag.py:3036} INFO - Sync 1 DAGs
[2026-03-15T06:51:24.693+0000] {logging_mixin.py:188} INFO - [2026-03-15T06:51:24.692+0000] {dag.py:3823} INFO - Setting next_dagrun for tmdb_snowflake_pipeline to 2026-03-15 00:00:00+00:00, run_after=2026-03-16 00:00:00+00:00
[2026-03-15T06:51:24.711+0000] {processor.py:183} INFO - Processing /opt/airflow/dags/tmdb_etl_dag.py took 0.652 seconds
[2026-03-15T06:51:55.030+0000] {processor.py:161} INFO - Started process (PID=583) to work on /opt/airflow/dags/tmdb_etl_dag.py
[2026-03-15T06:51:55.031+0000] {processor.py:830} INFO - Processing file /opt/airflow/dags/tmdb_etl_dag.py for tasks to queue
[2026-03-15T06:51:55.032+0000] {logging_mixin.py:188} INFO - [2026-03-15T06:51:55.032+0000] {dagbag.py:538} INFO - Filling up the DagBag from /opt/airflow/dags/tmdb_etl_dag.py
[2026-03-15T06:51:55.592+0000] {processor.py:840} INFO - DAG(s) 'tmdb_snowflake_pipeline' retrieved from /opt/airflow/dags/tmdb_etl_dag.py
[2026-03-15T06:51:55.620+0000] {logging_mixin.py:188} INFO - [2026-03-15T06:51:55.620+0000] {dag.py:3036} INFO - Sync 1 DAGs
[2026-03-15T06:51:55.642+0000] {logging_mixin.py:188} INFO - [2026-03-15T06:51:55.642+0000] {dag.py:3823} INFO - Setting next_dagrun for tmdb_snowflake_pipeline to 2026-03-15 00:00:00+00:00, run_after=2026-03-16 00:00:00+00:00
[2026-03-15T06:51:55.660+0000] {processor.py:183} INFO - Processing /opt/airflow/dags/tmdb_etl_dag.py took 0.634 seconds
[2026-03-15T06:52:25.891+0000] {processor.py:161} INFO - Started process (PID=590) to work on /opt/airflow/dags/tmdb_etl_dag.py
[2026-03-15T06:52:25.894+0000] {processor.py:830} INFO - Processing file /opt/airflow/dags/tmdb_etl_dag.py for tasks to queue
[2026-03-15T06:52:25.896+0000] {logging_mixin.py:188} INFO - [2026-03-15T06:52:25.895+0000] {dagbag.py:538} INFO - Filling up the DagBag from /opt/airflow/dags/tmdb_etl_dag.py
[2026-03-15T06:52:26.625+0000] {processor.py:840} INFO - DAG(s) 'tmdb_snowflake_pipeline' retrieved from /opt/airflow/dags/tmdb_etl_dag.py
[2026-03-15T06:52:26.657+0000] {logging_mixin.py:188} INFO - [2026-03-15T06:52:26.656+0000] {dag.py:3036} INFO - Sync 1 DAGs
[2026-03-15T06:52:26.679+0000] {logging_mixin.py:188} INFO - [2026-03-15T06:52:26.678+0000] {dag.py:3823} INFO - Setting next_dagrun for tmdb_snowflake_pipeline to 2026-03-15 00:00:00+00:00, run_after=2026-03-16 00:00:00+00:00
[2026-03-15T06:52:26.696+0000] {processor.py:183} INFO - Processing /opt/airflow/dags/tmdb_etl_dag.py took 0.811 seconds
[2026-03-15T06:52:57.496+0000] {processor.py:161} INFO - Started process (PID=601) to work on /opt/airflow/dags/tmdb_etl_dag.py
[2026-03-15T06:52:57.498+0000] {processor.py:830} INFO - Processing file /opt/airflow/dags/tmdb_etl_dag.py for tasks to queue
[2026-03-15T06:52:57.499+0000] {logging_mixin.py:188} INFO - [2026-03-15T06:52:57.499+0000] {dagbag.py:538} INFO - Filling up the DagBag from /opt/airflow/dags/tmdb_etl_dag.py
[2026-03-15T06:52:58.111+0000] {processor.py:840} INFO - DAG(s) 'tmdb_snowflake_pipeline' retrieved from /opt/airflow/dags/tmdb_etl_dag.py
[2026-03-15T06:52:58.140+0000] {logging_mixin.py:188} INFO - [2026-03-15T06:52:58.140+0000] {dag.py:3036} INFO - Sync 1 DAGs
[2026-03-15T06:52:58.163+0000] {logging_mixin.py:188} INFO - [2026-03-15T06:52:58.163+0000] {dag.py:3823} INFO - Setting next_dagrun for tmdb_snowflake_pipeline to 2026-03-15 00:00:00+00:00, run_after=2026-03-16 00:00:00+00:00
[2026-03-15T06:52:58.182+0000] {processor.py:183} INFO - Processing /opt/airflow/dags/tmdb_etl_dag.py took 0.691 seconds
