[2026-03-17T04:07:08.543+0000] {taskinstance.py:1956} INFO - Dependencies all met for dep_context=non-requeueable deps ti=<TaskInstance: tmdb_snowflake_pipeline.extract_from_tmdb manual__2026-03-17T04:07:07.153585+00:00 [queued]>
[2026-03-17T04:07:08.549+0000] {taskinstance.py:1956} INFO - Dependencies all met for dep_context=requeueable deps ti=<TaskInstance: tmdb_snowflake_pipeline.extract_from_tmdb manual__2026-03-17T04:07:07.153585+00:00 [queued]>
[2026-03-17T04:07:08.549+0000] {taskinstance.py:2170} INFO - Starting attempt 1 of 3
[2026-03-17T04:07:08.559+0000] {taskinstance.py:2191} INFO - Executing <Task(PythonOperator): extract_from_tmdb> on 2026-03-17 04:07:07.153585+00:00
[2026-03-17T04:07:08.566+0000] {standard_task_runner.py:60} INFO - Started process 612 to run task
[2026-03-17T04:07:08.570+0000] {standard_task_runner.py:87} INFO - Running: ['***', 'tasks', 'run', 'tmdb_snowflake_pipeline', 'extract_from_tmdb', 'manual__2026-03-17T04:07:07.153585+00:00', '--job-id', '19', '--raw', '--subdir', 'DAGS_FOLDER/tmdb_etl_dag.py', '--cfg-path', '/tmp/tmphrsj5u16']
[2026-03-17T04:07:08.573+0000] {standard_task_runner.py:88} INFO - Job 19: Subtask extract_from_tmdb
[2026-03-17T04:07:08.626+0000] {task_command.py:423} INFO - Running <TaskInstance: tmdb_snowflake_pipeline.extract_from_tmdb manual__2026-03-17T04:07:07.153585+00:00 [running]> on host f4f38eb70c64
[2026-03-17T04:07:08.699+0000] {taskinstance.py:2480} INFO - Exporting env vars: AIRFLOW_CTX_DAG_OWNER='chanpitou' AIRFLOW_CTX_DAG_ID='tmdb_snowflake_pipeline' AIRFLOW_CTX_TASK_ID='extract_from_tmdb' AIRFLOW_CTX_EXECUTION_DATE='2026-03-17T04:07:07.153585+00:00' AIRFLOW_CTX_TRY_NUMBER='1' AIRFLOW_CTX_DAG_RUN_ID='manual__2026-03-17T04:07:07.153585+00:00'
[2026-03-17T04:07:09.220+0000] {extract_api_data.py:28} INFO - Collecting movies ids from page 1
[2026-03-17T04:07:09.708+0000] {extract_api_data.py:28} INFO - Collecting movies ids from page 2
[2026-03-17T04:07:10.057+0000] {extract_api_data.py:28} INFO - Collecting movies ids from page 3
[2026-03-17T04:07:10.435+0000] {extract_api_data.py:28} INFO - Collecting movies ids from page 4
[2026-03-17T04:07:10.780+0000] {extract_api_data.py:28} INFO - Collecting movies ids from page 5
[2026-03-17T04:07:10.781+0000] {extract_api_data.py:33} INFO - Found 100 movies, begin collecting details and credits of each movie
[2026-03-17T04:07:50.906+0000] {taskinstance.py:2698} ERROR - Task failed with exception
Traceback (most recent call last):
  File "/home/airflow/.local/lib/python3.11/site-packages/airflow/models/taskinstance.py", line 433, in _execute_task
    result = execute_callable(context=context, **execute_callable_kwargs)
             ^^^^^^^^^^^^^^^^^^^^^^^^^^^^^^^^^^^^^^^^^^^^^^^^^^^^^^^^^^^^
  File "/home/airflow/.local/lib/python3.11/site-packages/airflow/operators/python.py", line 199, in execute
    return_value = self.execute_callable()
                   ^^^^^^^^^^^^^^^^^^^^^^^
  File "/home/airflow/.local/lib/python3.11/site-packages/airflow/operators/python.py", line 216, in execute_callable
    return self.python_callable(*self.op_args, **self.op_kwargs)
           ^^^^^^^^^^^^^^^^^^^^^^^^^^^^^^^^^^^^^^^^^^^^^^^^^^^^^
  File "/opt/airflow/dags/tmdb_etl_dag.py", line 26, in run_extraction
    client.save_to_json(movies, "/opt/airflow/data/enriched_movies.json")
  File "/opt/airflow/src/extract/extract_api_data.py", line 60, in save_to_json
    with open(file_path, "w") as file:
         ^^^^^^^^^^^^^^^^^^^^
FileNotFoundError: [Errno 2] No such file or directory: 'C:/Users/umcha/OneDrive/Desktop/Data_Workstation/TMDB_ETL_Pipeline/data//opt/airflow/data/enriched_movies.json'
[2026-03-17T04:07:50.926+0000] {taskinstance.py:1138} INFO - Marking task as UP_FOR_RETRY. dag_id=tmdb_snowflake_pipeline, task_id=extract_from_tmdb, execution_date=20260317T040707, start_date=20260317T040708, end_date=20260317T040750
[2026-03-17T04:07:50.936+0000] {standard_task_runner.py:107} ERROR - Failed to execute job 19 for task extract_from_tmdb ([Errno 2] No such file or directory: 'C:/Users/umcha/OneDrive/Desktop/Data_Workstation/TMDB_ETL_Pipeline/data//opt/airflow/data/enriched_movies.json'; 612)
[2026-03-17T04:07:50.978+0000] {local_task_job_runner.py:234} INFO - Task exited with return code 1
[2026-03-17T04:07:50.996+0000] {taskinstance.py:3280} INFO - 0 downstream tasks scheduled from follow-on schedule check
