[2026-03-17T04:18:36.066+0000] {taskinstance.py:1956} INFO - Dependencies all met for dep_context=non-requeueable deps ti=<TaskInstance: tmdb_snowflake_pipeline.extract_from_tmdb manual__2026-03-17T04:07:07.153585+00:00 [queued]>
[2026-03-17T04:18:36.074+0000] {taskinstance.py:1956} INFO - Dependencies all met for dep_context=requeueable deps ti=<TaskInstance: tmdb_snowflake_pipeline.extract_from_tmdb manual__2026-03-17T04:07:07.153585+00:00 [queued]>
[2026-03-17T04:18:36.074+0000] {taskinstance.py:2170} INFO - Starting attempt 3 of 3
[2026-03-17T04:18:36.088+0000] {taskinstance.py:2191} INFO - Executing <Task(PythonOperator): extract_from_tmdb> on 2026-03-17 04:07:07.153585+00:00
[2026-03-17T04:18:36.097+0000] {standard_task_runner.py:60} INFO - Started process 774 to run task
[2026-03-17T04:18:36.101+0000] {standard_task_runner.py:87} INFO - Running: ['***', 'tasks', 'run', 'tmdb_snowflake_pipeline', 'extract_from_tmdb', 'manual__2026-03-17T04:07:07.153585+00:00', '--job-id', '21', '--raw', '--subdir', 'DAGS_FOLDER/tmdb_etl_dag.py', '--cfg-path', '/tmp/tmpr96hm6op']
[2026-03-17T04:18:36.106+0000] {standard_task_runner.py:88} INFO - Job 21: Subtask extract_from_tmdb
[2026-03-17T04:18:36.171+0000] {task_command.py:423} INFO - Running <TaskInstance: tmdb_snowflake_pipeline.extract_from_tmdb manual__2026-03-17T04:07:07.153585+00:00 [running]> on host f4f38eb70c64
[2026-03-17T04:18:36.255+0000] {taskinstance.py:2480} INFO - Exporting env vars: AIRFLOW_CTX_DAG_OWNER='chanpitou' AIRFLOW_CTX_DAG_ID='tmdb_snowflake_pipeline' AIRFLOW_CTX_TASK_ID='extract_from_tmdb' AIRFLOW_CTX_EXECUTION_DATE='2026-03-17T04:07:07.153585+00:00' AIRFLOW_CTX_TRY_NUMBER='3' AIRFLOW_CTX_DAG_RUN_ID='manual__2026-03-17T04:07:07.153585+00:00'
[2026-03-17T04:18:36.835+0000] {extract_api_data.py:28} INFO - Collecting movies ids from page 1
[2026-03-17T04:18:37.395+0000] {extract_api_data.py:28} INFO - Collecting movies ids from page 2
[2026-03-17T04:18:37.861+0000] {extract_api_data.py:28} INFO - Collecting movies ids from page 3
[2026-03-17T04:18:38.286+0000] {extract_api_data.py:28} INFO - Collecting movies ids from page 4
[2026-03-17T04:18:38.760+0000] {extract_api_data.py:28} INFO - Collecting movies ids from page 5
[2026-03-17T04:18:38.761+0000] {extract_api_data.py:33} INFO - Found 100 movies, begin collecting details and credits of each movie
[2026-03-17T04:19:19.594+0000] {taskinstance.py:2698} ERROR - Task failed with exception
Traceback (most recent call last):
  File "/home/airflow/.local/lib/python3.11/site-packages/airflow/models/taskinstance.py", line 433, in _execute_task
    result = execute_callable(context=context, **execute_callable_kwargs)
             ^^^^^^^^^^^^^^^^^^^^^^^^^^^^^^^^^^^^^^^^^^^^^^^^^^^^^^^^^^^^
  File "/home/airflow/.local/lib/python3.11/site-packages/airflow/operators/python.py", line 199, in execute
    return_value = self.execute_callable()
                   ^^^^^^^^^^^^^^^^^^^^^^^
  File "/home/airflow/.local/lib/python3.11/site-packages/airflow/operators/python.py", line 216, in execute_callable
    return self.python_callable(*self.op_args, **self.op_kwargs)
           ^^^^^^^^^^^^^^^^^^^^^^^^^^^^^^^^^^^^^^^^^^^^^^^^^^^^^
  File "/opt/airflow/dags/tmdb_etl_dag.py", line 26, in run_extraction
    client.save_to_json(movies, "/opt/airflow/data/enriched_movies.json")
  File "/opt/airflow/src/extract/extract_api_data.py", line 60, in save_to_json
    with open(file_path, "w") as file:
         ^^^^^^^^^^^^^^^^^^^^
FileNotFoundError: [Errno 2] No such file or directory: 'data//opt/airflow/data/enriched_movies.json'
[2026-03-17T04:19:19.612+0000] {taskinstance.py:1138} INFO - Marking task as FAILED. dag_id=tmdb_snowflake_pipeline, task_id=extract_from_tmdb, execution_date=20260317T040707, start_date=20260317T041836, end_date=20260317T041919
[2026-03-17T04:19:19.621+0000] {standard_task_runner.py:107} ERROR - Failed to execute job 21 for task extract_from_tmdb ([Errno 2] No such file or directory: 'data//opt/airflow/data/enriched_movies.json'; 774)
[2026-03-17T04:19:19.674+0000] {local_task_job_runner.py:234} INFO - Task exited with return code 1
[2026-03-17T04:19:19.694+0000] {taskinstance.py:3280} INFO - 0 downstream tasks scheduled from follow-on schedule check
