[2026-03-17T05:03:29.851+0000] {taskinstance.py:1956} INFO - Dependencies all met for dep_context=non-requeueable deps ti=<TaskInstance: tmdb_snowflake_pipeline.transform_and_load_to_snowflake scheduled__2026-03-16T00:00:00+00:00 [queued]>
[2026-03-17T05:03:29.857+0000] {taskinstance.py:1956} INFO - Dependencies all met for dep_context=requeueable deps ti=<TaskInstance: tmdb_snowflake_pipeline.transform_and_load_to_snowflake scheduled__2026-03-16T00:00:00+00:00 [queued]>
[2026-03-17T05:03:29.858+0000] {taskinstance.py:2170} INFO - Starting attempt 1 of 3
[2026-03-17T05:03:29.870+0000] {taskinstance.py:2191} INFO - Executing <Task(PythonOperator): transform_and_load_to_snowflake> on 2026-03-16 00:00:00+00:00
[2026-03-17T05:03:29.878+0000] {standard_task_runner.py:60} INFO - Started process 318 to run task
[2026-03-17T05:03:29.882+0000] {standard_task_runner.py:87} INFO - Running: ['***', 'tasks', 'run', 'tmdb_snowflake_pipeline', 'transform_and_load_to_snowflake', 'scheduled__2026-03-16T00:00:00+00:00', '--job-id', '8', '--raw', '--subdir', 'DAGS_FOLDER/tmdb_etl_dag.py', '--cfg-path', '/tmp/tmprzvcz67z']
[2026-03-17T05:03:29.887+0000] {standard_task_runner.py:88} INFO - Job 8: Subtask transform_and_load_to_snowflake
[2026-03-17T05:03:29.964+0000] {task_command.py:423} INFO - Running <TaskInstance: tmdb_snowflake_pipeline.transform_and_load_to_snowflake scheduled__2026-03-16T00:00:00+00:00 [running]> on host 5dfd1533d1bc
[2026-03-17T05:03:30.052+0000] {taskinstance.py:2480} INFO - Exporting env vars: AIRFLOW_CTX_DAG_OWNER='chanpitou' AIRFLOW_CTX_DAG_ID='tmdb_snowflake_pipeline' AIRFLOW_CTX_TASK_ID='transform_and_load_to_snowflake' AIRFLOW_CTX_EXECUTION_DATE='2026-03-16T00:00:00+00:00' AIRFLOW_CTX_TRY_NUMBER='1' AIRFLOW_CTX_DAG_RUN_ID='scheduled__2026-03-16T00:00:00+00:00'
[2026-03-17T05:03:30.056+0000] {db_utils.py:26} INFO - Connection to PostgreSQL successful
[2026-03-17T05:03:30.056+0000] {logging_mixin.py:188} INFO - Engine(postgresql://None:***@localhost:5432/TMDB_Stage)
[2026-03-17T05:03:30.063+0000] {taskinstance.py:2698} ERROR - Task failed with exception
Traceback (most recent call last):
  File "/home/airflow/.local/lib/python3.11/site-packages/sqlalchemy/engine/base.py", line 3371, in _wrap_pool_connect
    return fn()
           ^^^^
  File "/home/airflow/.local/lib/python3.11/site-packages/sqlalchemy/pool/base.py", line 327, in connect
    return _ConnectionFairy._checkout(self)
           ^^^^^^^^^^^^^^^^^^^^^^^^^^^^^^^^
  File "/home/airflow/.local/lib/python3.11/site-packages/sqlalchemy/pool/base.py", line 894, in _checkout
    fairy = _ConnectionRecord.checkout(pool)
            ^^^^^^^^^^^^^^^^^^^^^^^^^^^^^^^^
  File "/home/airflow/.local/lib/python3.11/site-packages/sqlalchemy/pool/base.py", line 493, in checkout
    rec = pool._do_get()
          ^^^^^^^^^^^^^^
  File "/home/airflow/.local/lib/python3.11/site-packages/sqlalchemy/pool/impl.py", line 145, in _do_get
    with util.safe_reraise():
  File "/home/airflow/.local/lib/python3.11/site-packages/sqlalchemy/util/langhelpers.py", line 70, in __exit__
    compat.raise_(
  File "/home/airflow/.local/lib/python3.11/site-packages/sqlalchemy/util/compat.py", line 211, in raise_
    raise exception
  File "/home/airflow/.local/lib/python3.11/site-packages/sqlalchemy/pool/impl.py", line 143, in _do_get
    return self._create_connection()
           ^^^^^^^^^^^^^^^^^^^^^^^^^
  File "/home/airflow/.local/lib/python3.11/site-packages/sqlalchemy/pool/base.py", line 273, in _create_connection
    return _ConnectionRecord(self)
           ^^^^^^^^^^^^^^^^^^^^^^^
  File "/home/airflow/.local/lib/python3.11/site-packages/sqlalchemy/pool/base.py", line 388, in __init__
    self.__connect()
  File "/home/airflow/.local/lib/python3.11/site-packages/sqlalchemy/pool/base.py", line 690, in __connect
    with util.safe_reraise():
  File "/home/airflow/.local/lib/python3.11/site-packages/sqlalchemy/util/langhelpers.py", line 70, in __exit__
    compat.raise_(
  File "/home/airflow/.local/lib/python3.11/site-packages/sqlalchemy/util/compat.py", line 211, in raise_
    raise exception
  File "/home/airflow/.local/lib/python3.11/site-packages/sqlalchemy/pool/base.py", line 686, in __connect
    self.dbapi_connection = connection = pool._invoke_creator(self)
                                         ^^^^^^^^^^^^^^^^^^^^^^^^^^
  File "/home/airflow/.local/lib/python3.11/site-packages/sqlalchemy/engine/create.py", line 574, in connect
    return dialect.connect(*cargs, **cparams)
           ^^^^^^^^^^^^^^^^^^^^^^^^^^^^^^^^^^
  File "/home/airflow/.local/lib/python3.11/site-packages/sqlalchemy/engine/default.py", line 598, in connect
    return self.dbapi.connect(*cargs, **cparams)
           ^^^^^^^^^^^^^^^^^^^^^^^^^^^^^^^^^^^^^
  File "/home/airflow/.local/lib/python3.11/site-packages/psycopg2/__init__.py", line 122, in connect
    conn = _connect(dsn, connection_factory=connection_factory, **kwasync)
           ^^^^^^^^^^^^^^^^^^^^^^^^^^^^^^^^^^^^^^^^^^^^^^^^^^^^^^^^^^^^^^^
psycopg2.OperationalError: connection to server at "localhost" (::1), port 5432 failed: Connection refused
	Is the server running on that host and accepting TCP/IP connections?
connection to server at "localhost" (127.0.0.1), port 5432 failed: Connection refused
	Is the server running on that host and accepting TCP/IP connections?


The above exception was the direct cause of the following exception:

Traceback (most recent call last):
  File "/home/airflow/.local/lib/python3.11/site-packages/airflow/models/taskinstance.py", line 433, in _execute_task
    result = execute_callable(context=context, **execute_callable_kwargs)
             ^^^^^^^^^^^^^^^^^^^^^^^^^^^^^^^^^^^^^^^^^^^^^^^^^^^^^^^^^^^^
  File "/home/airflow/.local/lib/python3.11/site-packages/airflow/operators/python.py", line 199, in execute
    return_value = self.execute_callable()
                   ^^^^^^^^^^^^^^^^^^^^^^^
  File "/home/airflow/.local/lib/python3.11/site-packages/airflow/operators/python.py", line 216, in execute_callable
    return self.python_callable(*self.op_args, **self.op_kwargs)
           ^^^^^^^^^^^^^^^^^^^^^^^^^^^^^^^^^^^^^^^^^^^^^^^^^^^^^
  File "/opt/airflow/dags/tmdb_etl_dag.py", line 32, in run_transformation_and_load
    raw_df = fetch_json_data()
             ^^^^^^^^^^^^^^^^^
  File "/opt/airflow/src/transform/transformations.py", line 10, in fetch_json_data
    df_raw = pd.read_sql_query(query, engine)
             ^^^^^^^^^^^^^^^^^^^^^^^^^^^^^^^^
  File "/home/airflow/.local/lib/python3.11/site-packages/pandas/io/sql.py", line 485, in read_sql_query
    with pandasSQL_builder(con) as pandas_sql:
         ^^^^^^^^^^^^^^^^^^^^^^
  File "/home/airflow/.local/lib/python3.11/site-packages/pandas/io/sql.py", line 851, in pandasSQL_builder
    return SQLDatabase(con, schema, need_transaction)
           ^^^^^^^^^^^^^^^^^^^^^^^^^^^^^^^^^^^^^^^^^^
  File "/home/airflow/.local/lib/python3.11/site-packages/pandas/io/sql.py", line 1576, in __init__
    con = self.exit_stack.enter_context(con.connect())
                                        ^^^^^^^^^^^^^
  File "/home/airflow/.local/lib/python3.11/site-packages/sqlalchemy/engine/base.py", line 3325, in connect
    return self._connection_cls(self, close_with_result=close_with_result)
           ^^^^^^^^^^^^^^^^^^^^^^^^^^^^^^^^^^^^^^^^^^^^^^^^^^^^^^^^^^^^^^^
  File "/home/airflow/.local/lib/python3.11/site-packages/sqlalchemy/engine/base.py", line 96, in __init__
    else engine.raw_connection()
         ^^^^^^^^^^^^^^^^^^^^^^^
  File "/home/airflow/.local/lib/python3.11/site-packages/sqlalchemy/engine/base.py", line 3404, in raw_connection
    return self._wrap_pool_connect(self.pool.connect, _connection)
           ^^^^^^^^^^^^^^^^^^^^^^^^^^^^^^^^^^^^^^^^^^^^^^^^^^^^^^^
  File "/home/airflow/.local/lib/python3.11/site-packages/sqlalchemy/engine/base.py", line 3374, in _wrap_pool_connect
    Connection._handle_dbapi_exception_noconnection(
  File "/home/airflow/.local/lib/python3.11/site-packages/sqlalchemy/engine/base.py", line 2208, in _handle_dbapi_exception_noconnection
    util.raise_(
  File "/home/airflow/.local/lib/python3.11/site-packages/sqlalchemy/util/compat.py", line 211, in raise_
    raise exception
  File "/home/airflow/.local/lib/python3.11/site-packages/sqlalchemy/engine/base.py", line 3371, in _wrap_pool_connect
    return fn()
           ^^^^
  File "/home/airflow/.local/lib/python3.11/site-packages/sqlalchemy/pool/base.py", line 327, in connect
    return _ConnectionFairy._checkout(self)
           ^^^^^^^^^^^^^^^^^^^^^^^^^^^^^^^^
  File "/home/airflow/.local/lib/python3.11/site-packages/sqlalchemy/pool/base.py", line 894, in _checkout
    fairy = _ConnectionRecord.checkout(pool)
            ^^^^^^^^^^^^^^^^^^^^^^^^^^^^^^^^
  File "/home/airflow/.local/lib/python3.11/site-packages/sqlalchemy/pool/base.py", line 493, in checkout
    rec = pool._do_get()
          ^^^^^^^^^^^^^^
  File "/home/airflow/.local/lib/python3.11/site-packages/sqlalchemy/pool/impl.py", line 145, in _do_get
    with util.safe_reraise():
  File "/home/airflow/.local/lib/python3.11/site-packages/sqlalchemy/util/langhelpers.py", line 70, in __exit__
    compat.raise_(
  File "/home/airflow/.local/lib/python3.11/site-packages/sqlalchemy/util/compat.py", line 211, in raise_
    raise exception
  File "/home/airflow/.local/lib/python3.11/site-packages/sqlalchemy/pool/impl.py", line 143, in _do_get
    return self._create_connection()
           ^^^^^^^^^^^^^^^^^^^^^^^^^
  File "/home/airflow/.local/lib/python3.11/site-packages/sqlalchemy/pool/base.py", line 273, in _create_connection
    return _ConnectionRecord(self)
           ^^^^^^^^^^^^^^^^^^^^^^^
  File "/home/airflow/.local/lib/python3.11/site-packages/sqlalchemy/pool/base.py", line 388, in __init__
    self.__connect()
  File "/home/airflow/.local/lib/python3.11/site-packages/sqlalchemy/pool/base.py", line 690, in __connect
    with util.safe_reraise():
  File "/home/airflow/.local/lib/python3.11/site-packages/sqlalchemy/util/langhelpers.py", line 70, in __exit__
    compat.raise_(
  File "/home/airflow/.local/lib/python3.11/site-packages/sqlalchemy/util/compat.py", line 211, in raise_
    raise exception
  File "/home/airflow/.local/lib/python3.11/site-packages/sqlalchemy/pool/base.py", line 686, in __connect
    self.dbapi_connection = connection = pool._invoke_creator(self)
                                         ^^^^^^^^^^^^^^^^^^^^^^^^^^
  File "/home/airflow/.local/lib/python3.11/site-packages/sqlalchemy/engine/create.py", line 574, in connect
    return dialect.connect(*cargs, **cparams)
           ^^^^^^^^^^^^^^^^^^^^^^^^^^^^^^^^^^
  File "/home/airflow/.local/lib/python3.11/site-packages/sqlalchemy/engine/default.py", line 598, in connect
    return self.dbapi.connect(*cargs, **cparams)
           ^^^^^^^^^^^^^^^^^^^^^^^^^^^^^^^^^^^^^
  File "/home/airflow/.local/lib/python3.11/site-packages/psycopg2/__init__.py", line 122, in connect
    conn = _connect(dsn, connection_factory=connection_factory, **kwasync)
           ^^^^^^^^^^^^^^^^^^^^^^^^^^^^^^^^^^^^^^^^^^^^^^^^^^^^^^^^^^^^^^^
sqlalchemy.exc.OperationalError: (psycopg2.OperationalError) connection to server at "localhost" (::1), port 5432 failed: Connection refused
	Is the server running on that host and accepting TCP/IP connections?
connection to server at "localhost" (127.0.0.1), port 5432 failed: Connection refused
	Is the server running on that host and accepting TCP/IP connections?

(Background on this error at: https://sqlalche.me/e/14/e3q8)
[2026-03-17T05:03:30.090+0000] {taskinstance.py:1138} INFO - Marking task as UP_FOR_RETRY. dag_id=tmdb_snowflake_pipeline, task_id=transform_and_load_to_snowflake, execution_date=20260316T000000, start_date=20260317T050329, end_date=20260317T050330
[2026-03-17T05:03:30.101+0000] {standard_task_runner.py:107} ERROR - Failed to execute job 8 for task transform_and_load_to_snowflake ((psycopg2.OperationalError) connection to server at "localhost" (::1), port 5432 failed: Connection refused
	Is the server running on that host and accepting TCP/IP connections?
connection to server at "localhost" (127.0.0.1), port 5432 failed: Connection refused
	Is the server running on that host and accepting TCP/IP connections?

(Background on this error at: https://sqlalche.me/e/14/e3q8); 318)
[2026-03-17T05:03:30.134+0000] {local_task_job_runner.py:234} INFO - Task exited with return code 1
[2026-03-17T05:03:30.154+0000] {taskinstance.py:3280} INFO - 0 downstream tasks scheduled from follow-on schedule check
[2026-03-17T05:35:46.179+0000] {taskinstance.py:1956} INFO - Dependencies all met for dep_context=non-requeueable deps ti=<TaskInstance: tmdb_snowflake_pipeline.transform_and_load_to_snowflake scheduled__2026-03-16T00:00:00+00:00 [queued]>
[2026-03-17T05:35:46.186+0000] {taskinstance.py:1956} INFO - Dependencies all met for dep_context=requeueable deps ti=<TaskInstance: tmdb_snowflake_pipeline.transform_and_load_to_snowflake scheduled__2026-03-16T00:00:00+00:00 [queued]>
[2026-03-17T05:35:46.186+0000] {taskinstance.py:2170} INFO - Starting attempt 1 of 1
[2026-03-17T05:35:46.197+0000] {taskinstance.py:2191} INFO - Executing <Task(PythonOperator): transform_and_load_to_snowflake> on 2026-03-16 00:00:00+00:00
[2026-03-17T05:35:46.205+0000] {standard_task_runner.py:60} INFO - Started process 276 to run task
[2026-03-17T05:35:46.208+0000] {standard_task_runner.py:87} INFO - Running: ['***', 'tasks', 'run', 'tmdb_snowflake_pipeline', 'transform_and_load_to_snowflake', 'scheduled__2026-03-16T00:00:00+00:00', '--job-id', '7', '--raw', '--subdir', 'DAGS_FOLDER/tmdb_etl_dag.py', '--cfg-path', '/tmp/tmpknswm5l9']
[2026-03-17T05:35:46.211+0000] {standard_task_runner.py:88} INFO - Job 7: Subtask transform_and_load_to_snowflake
[2026-03-17T05:35:46.265+0000] {task_command.py:423} INFO - Running <TaskInstance: tmdb_snowflake_pipeline.transform_and_load_to_snowflake scheduled__2026-03-16T00:00:00+00:00 [running]> on host 8e918576c6b6
[2026-03-17T05:35:46.337+0000] {taskinstance.py:2480} INFO - Exporting env vars: AIRFLOW_CTX_DAG_OWNER='chanpitou' AIRFLOW_CTX_DAG_ID='tmdb_snowflake_pipeline' AIRFLOW_CTX_TASK_ID='transform_and_load_to_snowflake' AIRFLOW_CTX_EXECUTION_DATE='2026-03-16T00:00:00+00:00' AIRFLOW_CTX_TRY_NUMBER='1' AIRFLOW_CTX_DAG_RUN_ID='scheduled__2026-03-16T00:00:00+00:00'
[2026-03-17T05:35:46.340+0000] {logging_mixin.py:188} INFO - asdasdasd2: host.docker.internal
[2026-03-17T05:35:46.340+0000] {logging_mixin.py:188} INFO - DEBUG: Loading .env from /opt/***/.env
[2026-03-17T05:35:46.340+0000] {logging_mixin.py:188} INFO - DEBUG: Found User: postgres
[2026-03-17T05:35:46.341+0000] {logging_mixin.py:188} INFO - DEBUG: Found Host: host.docker.internal
[2026-03-17T05:35:46.343+0000] {db_utils.py:38} INFO - Connection to PostgreSQL successful
[2026-03-17T05:35:46.343+0000] {logging_mixin.py:188} INFO - Engine(postgresql+psycopg2://postgres:***@host.docker.internal:5432/TMDB_Stage)
[2026-03-17T05:35:47.321+0000] {connection.py:370} INFO - Snowflake Connector for Python Version: 3.6.0, Python Version: 3.11.8, Platform: Linux-6.6.87.2-microsoft-standard-WSL2-x86_64-with-glibc2.36
[2026-03-17T05:35:47.322+0000] {connection.py:1171} INFO - This connection is in OCSP Fail Open Mode. TLS Certificates would be checked for validity and revocation status. Any other Certificate Revocation related exceptions or OCSP Responder failures would be disregarded in favor of connectivity.
[2026-03-17T05:35:53.022+0000] {cursor.py:1028} INFO - query: [CREATE TEMP STAGE /* Python:snowflake.connector.pandas_tools.write_pandas() */ "...]
[2026-03-17T05:35:53.488+0000] {cursor.py:1041} INFO - query execution done
[2026-03-17T05:35:53.488+0000] {cursor.py:1205} INFO - Number of results in first chunk: 1
[2026-03-17T05:35:53.574+0000] {cursor.py:1028} INFO - query: [PUT /* Python:snowflake.connector.pandas_tools.write_pandas() */ 'file:///tmp/tm...]
[2026-03-17T05:35:53.909+0000] {cursor.py:1041} INFO - query execution done
[2026-03-17T05:35:57.978+0000] {cursor.py:1028} INFO - query: [CREATE TEMP FILE FORMAT "TMDB_DB"."ANALYTICS"."dtyvxrpypz" /* Python:snowflake.c...]
[2026-03-17T05:35:58.309+0000] {cursor.py:1041} INFO - query execution done
[2026-03-17T05:35:58.310+0000] {cursor.py:1205} INFO - Number of results in first chunk: 1
[2026-03-17T05:35:58.310+0000] {cursor.py:1028} INFO - query: [SELECT COLUMN_NAME, TYPE FROM table(infer_schema(location=>'@"TMDB_DB"."ANALYTIC...]
[2026-03-17T05:35:59.351+0000] {cursor.py:1041} INFO - query execution done
[2026-03-17T05:35:59.351+0000] {cursor.py:1205} INFO - Number of results in first chunk: 6
[2026-03-17T05:35:59.352+0000] {cursor.py:1028} INFO - query: [CREATE  TABLE IF NOT EXISTS "TMDB_DB"."ANALYTICS"."tptpojrwax" ("TMDB_ID" NUMBER...]
[2026-03-17T05:35:59.805+0000] {cursor.py:1041} INFO - query execution done
[2026-03-17T05:35:59.806+0000] {cursor.py:1205} INFO - Number of results in first chunk: 1
[2026-03-17T05:35:59.806+0000] {cursor.py:1028} INFO - query: [COPY INTO "TMDB_DB"."ANALYTICS"."tptpojrwax" /* Python:snowflake.connector.panda...]
[2026-03-17T05:36:01.021+0000] {cursor.py:1041} INFO - query execution done
[2026-03-17T05:36:01.022+0000] {cursor.py:1205} INFO - Number of results in first chunk: 1
[2026-03-17T05:36:01.022+0000] {cursor.py:1028} INFO - query: [DROP TABLE IF EXISTS "TMDB_DB"."ANALYTICS"."DIM_MOVIES" /* Python:snowflake.conn...]
[2026-03-17T05:36:01.269+0000] {cursor.py:1041} INFO - query execution done
[2026-03-17T05:36:01.270+0000] {cursor.py:1205} INFO - Number of results in first chunk: 1
[2026-03-17T05:36:01.270+0000] {cursor.py:1028} INFO - query: [ALTER TABLE "TMDB_DB"."ANALYTICS"."tptpojrwax" RENAME TO "TMDB_DB"."ANALYTICS"."...]
[2026-03-17T05:36:01.748+0000] {cursor.py:1041} INFO - query execution done
[2026-03-17T05:36:01.748+0000] {cursor.py:1205} INFO - Number of results in first chunk: 1
[2026-03-17T05:36:01.749+0000] {logging_mixin.py:188} INFO - Successfully loaded 286 rows into DIM_MOVIES.
[2026-03-17T05:36:01.749+0000] {connection.py:718} INFO - closed
[2026-03-17T05:36:01.949+0000] {connection.py:724} INFO - No async queries seem to be running, deleting session
[2026-03-17T05:36:02.146+0000] {python.py:201} INFO - Done. Returned value was: None
[2026-03-17T05:36:02.156+0000] {taskinstance.py:1138} INFO - Marking task as SUCCESS. dag_id=tmdb_snowflake_pipeline, task_id=transform_and_load_to_snowflake, execution_date=20260316T000000, start_date=20260317T053546, end_date=20260317T053602
[2026-03-17T05:36:02.206+0000] {local_task_job_runner.py:234} INFO - Task exited with return code 0
[2026-03-17T05:36:02.219+0000] {taskinstance.py:3280} INFO - 0 downstream tasks scheduled from follow-on schedule check
