[2026-03-17T05:51:41.025+0000] {taskinstance.py:1956} INFO - Dependencies all met for dep_context=non-requeueable deps ti=<TaskInstance: tmdb_snowflake_pipeline.extract_from_tmdb manual__2026-03-17T05:51:39.826288+00:00 [queued]>
[2026-03-17T05:51:41.031+0000] {taskinstance.py:1956} INFO - Dependencies all met for dep_context=requeueable deps ti=<TaskInstance: tmdb_snowflake_pipeline.extract_from_tmdb manual__2026-03-17T05:51:39.826288+00:00 [queued]>
[2026-03-17T05:51:41.031+0000] {taskinstance.py:2170} INFO - Starting attempt 1 of 1
[2026-03-17T05:51:41.041+0000] {taskinstance.py:2191} INFO - Executing <Task(PythonOperator): extract_from_tmdb> on 2026-03-17 05:51:39.826288+00:00
[2026-03-17T05:51:41.048+0000] {standard_task_runner.py:60} INFO - Started process 521 to run task
[2026-03-17T05:51:41.052+0000] {standard_task_runner.py:87} INFO - Running: ['***', 'tasks', 'run', 'tmdb_snowflake_pipeline', 'extract_from_tmdb', 'manual__2026-03-17T05:51:39.826288+00:00', '--job-id', '9', '--raw', '--subdir', 'DAGS_FOLDER/tmdb_etl_dag.py', '--cfg-path', '/tmp/tmp60au98ps']
[2026-03-17T05:51:41.055+0000] {standard_task_runner.py:88} INFO - Job 9: Subtask extract_from_tmdb
[2026-03-17T05:51:41.110+0000] {task_command.py:423} INFO - Running <TaskInstance: tmdb_snowflake_pipeline.extract_from_tmdb manual__2026-03-17T05:51:39.826288+00:00 [running]> on host 8e918576c6b6
[2026-03-17T05:51:41.188+0000] {taskinstance.py:2480} INFO - Exporting env vars: AIRFLOW_CTX_DAG_OWNER='chanpitou' AIRFLOW_CTX_DAG_ID='tmdb_snowflake_pipeline' AIRFLOW_CTX_TASK_ID='extract_from_tmdb' AIRFLOW_CTX_EXECUTION_DATE='2026-03-17T05:51:39.826288+00:00' AIRFLOW_CTX_TRY_NUMBER='1' AIRFLOW_CTX_DAG_RUN_ID='manual__2026-03-17T05:51:39.826288+00:00'
[2026-03-17T05:51:41.190+0000] {tmdb_etl_dag.py:32} INFO - Starting TMDB ETL Pipeline
[2026-03-17T05:51:41.190+0000] {tmdb_etl_dag.py:33} INFO - ------------------ Begin data extraction ------------------
[2026-03-17T05:51:41.817+0000] {extract_api_data.py:28} INFO - Collecting movies ids from page 1
[2026-03-17T05:51:42.213+0000] {extract_api_data.py:28} INFO - Collecting movies ids from page 2
[2026-03-17T05:51:42.619+0000] {extract_api_data.py:28} INFO - Collecting movies ids from page 3
[2026-03-17T05:51:42.989+0000] {extract_api_data.py:28} INFO - Collecting movies ids from page 4
[2026-03-17T05:51:43.441+0000] {extract_api_data.py:28} INFO - Collecting movies ids from page 5
[2026-03-17T05:51:43.809+0000] {extract_api_data.py:28} INFO - Collecting movies ids from page 6
[2026-03-17T05:51:44.185+0000] {extract_api_data.py:28} INFO - Collecting movies ids from page 7
[2026-03-17T05:51:44.600+0000] {extract_api_data.py:28} INFO - Collecting movies ids from page 8
[2026-03-17T05:51:45.033+0000] {extract_api_data.py:28} INFO - Collecting movies ids from page 9
[2026-03-17T05:51:45.396+0000] {extract_api_data.py:28} INFO - Collecting movies ids from page 10
[2026-03-17T05:51:45.397+0000] {extract_api_data.py:33} INFO - Found 200 movies, begin collecting details and credits of each movie
[2026-03-17T05:53:09.649+0000] {extract_api_data.py:60} INFO - Saving json data to /opt/***/data/enriched_movies.json
[2026-03-17T05:53:10.379+0000] {tmdb_etl_dag.py:39} INFO - Loading raw movie data to postgres stage
[2026-03-17T05:53:10.380+0000] {db_utils.py:26} INFO - Connection to PostgreSQL successful
[2026-03-17T05:53:10.519+0000] {db_utils.py:47} INFO - Executing upsert query
[2026-03-17T05:53:10.520+0000] {logging_mixin.py:188} INFO - 
            INSERT INTO stage.tmdb_movies_raw (tmdb_id, data)
            VALUES (:tmdb_id, :data)
            ON CONFLICT (tmdb_id) 
            DO UPDATE SET data = EXCLUDED.data, extracted_at = CURRENT_TIMESTAMP;;
        
[2026-03-17T05:53:11.146+0000] {taskinstance.py:2698} ERROR - Task failed with exception
Traceback (most recent call last):
  File "/home/airflow/.local/lib/python3.11/site-packages/airflow/models/taskinstance.py", line 433, in _execute_task
    result = execute_callable(context=context, **execute_callable_kwargs)
             ^^^^^^^^^^^^^^^^^^^^^^^^^^^^^^^^^^^^^^^^^^^^^^^^^^^^^^^^^^^^
  File "/home/airflow/.local/lib/python3.11/site-packages/airflow/operators/python.py", line 199, in execute
    return_value = self.execute_callable()
                   ^^^^^^^^^^^^^^^^^^^^^^^
  File "/home/airflow/.local/lib/python3.11/site-packages/airflow/operators/python.py", line 216, in execute_callable
    return self.python_callable(*self.op_args, **self.op_kwargs)
           ^^^^^^^^^^^^^^^^^^^^^^^^^^^^^^^^^^^^^^^^^^^^^^^^^^^^^
  File "/opt/airflow/dags/tmdb_etl_dag.py", line 40, in run_extraction
    load_json_data(enriched_movies)
  File "/opt/airflow/src/utils/db_utils.py", line 50, in load_json_data
    conn.commit()
    ^^^^^^^^^^^
AttributeError: 'Connection' object has no attribute 'commit'
[2026-03-17T05:53:11.166+0000] {taskinstance.py:1138} INFO - Marking task as FAILED. dag_id=tmdb_snowflake_pipeline, task_id=extract_from_tmdb, execution_date=20260317T055139, start_date=20260317T055141, end_date=20260317T055311
[2026-03-17T05:53:11.178+0000] {standard_task_runner.py:107} ERROR - Failed to execute job 9 for task extract_from_tmdb ('Connection' object has no attribute 'commit'; 521)
[2026-03-17T05:53:11.235+0000] {local_task_job_runner.py:234} INFO - Task exited with return code 1
[2026-03-17T05:53:11.250+0000] {taskinstance.py:3280} INFO - 0 downstream tasks scheduled from follow-on schedule check
