[2026-03-17T05:55:16.575+0000] {taskinstance.py:1956} INFO - Dependencies all met for dep_context=non-requeueable deps ti=<TaskInstance: tmdb_snowflake_pipeline.extract_from_tmdb manual__2026-03-17T05:55:15.144937+00:00 [queued]>
[2026-03-17T05:55:16.581+0000] {taskinstance.py:1956} INFO - Dependencies all met for dep_context=requeueable deps ti=<TaskInstance: tmdb_snowflake_pipeline.extract_from_tmdb manual__2026-03-17T05:55:15.144937+00:00 [queued]>
[2026-03-17T05:55:16.581+0000] {taskinstance.py:2170} INFO - Starting attempt 1 of 1
[2026-03-17T05:55:16.591+0000] {taskinstance.py:2191} INFO - Executing <Task(PythonOperator): extract_from_tmdb> on 2026-03-17 05:55:15.144937+00:00
[2026-03-17T05:55:16.599+0000] {standard_task_runner.py:60} INFO - Started process 581 to run task
[2026-03-17T05:55:16.603+0000] {standard_task_runner.py:87} INFO - Running: ['***', 'tasks', 'run', 'tmdb_snowflake_pipeline', 'extract_from_tmdb', 'manual__2026-03-17T05:55:15.144937+00:00', '--job-id', '10', '--raw', '--subdir', 'DAGS_FOLDER/tmdb_etl_dag.py', '--cfg-path', '/tmp/tmpw64i61ps']
[2026-03-17T05:55:16.606+0000] {standard_task_runner.py:88} INFO - Job 10: Subtask extract_from_tmdb
[2026-03-17T05:55:16.659+0000] {task_command.py:423} INFO - Running <TaskInstance: tmdb_snowflake_pipeline.extract_from_tmdb manual__2026-03-17T05:55:15.144937+00:00 [running]> on host 8e918576c6b6
[2026-03-17T05:55:16.734+0000] {taskinstance.py:2480} INFO - Exporting env vars: AIRFLOW_CTX_DAG_OWNER='chanpitou' AIRFLOW_CTX_DAG_ID='tmdb_snowflake_pipeline' AIRFLOW_CTX_TASK_ID='extract_from_tmdb' AIRFLOW_CTX_EXECUTION_DATE='2026-03-17T05:55:15.144937+00:00' AIRFLOW_CTX_TRY_NUMBER='1' AIRFLOW_CTX_DAG_RUN_ID='manual__2026-03-17T05:55:15.144937+00:00'
[2026-03-17T05:55:16.737+0000] {tmdb_etl_dag.py:32} INFO - Starting TMDB ETL Pipeline
[2026-03-17T05:55:16.737+0000] {tmdb_etl_dag.py:33} INFO - ------------------ Begin data extraction ------------------
[2026-03-17T05:55:17.240+0000] {extract_api_data.py:28} INFO - Collecting movies ids from page 1
[2026-03-17T05:55:17.593+0000] {extract_api_data.py:28} INFO - Collecting movies ids from page 2
[2026-03-17T05:55:17.990+0000] {extract_api_data.py:28} INFO - Collecting movies ids from page 3
[2026-03-17T05:55:18.395+0000] {extract_api_data.py:28} INFO - Collecting movies ids from page 4
[2026-03-17T05:55:18.793+0000] {extract_api_data.py:28} INFO - Collecting movies ids from page 5
[2026-03-17T05:55:19.156+0000] {extract_api_data.py:28} INFO - Collecting movies ids from page 6
[2026-03-17T05:55:19.483+0000] {extract_api_data.py:28} INFO - Collecting movies ids from page 7
[2026-03-17T05:55:19.885+0000] {extract_api_data.py:28} INFO - Collecting movies ids from page 8
[2026-03-17T05:55:20.227+0000] {extract_api_data.py:28} INFO - Collecting movies ids from page 9
[2026-03-17T05:55:20.673+0000] {extract_api_data.py:28} INFO - Collecting movies ids from page 10
[2026-03-17T05:55:20.674+0000] {extract_api_data.py:33} INFO - Found 200 movies, begin collecting details and credits of each movie
[2026-03-17T05:56:45.563+0000] {extract_api_data.py:60} INFO - Saving json data to /opt/***/data/enriched_movies.json
[2026-03-17T05:56:46.296+0000] {tmdb_etl_dag.py:39} INFO - Loading raw movie data to postgres stage
[2026-03-17T05:56:46.297+0000] {db_utils.py:26} INFO - Connection to PostgreSQL successful
[2026-03-17T05:56:46.436+0000] {db_utils.py:47} INFO - Executing upsert query
[2026-03-17T05:56:46.437+0000] {logging_mixin.py:188} INFO - 
            INSERT INTO stage.tmdb_movies_raw (tmdb_id, data)
            VALUES (:tmdb_id, :data)
            ON CONFLICT (tmdb_id) 
            DO UPDATE SET data = EXCLUDED.data, extracted_at = CURRENT_TIMESTAMP;;
        
[2026-03-17T05:56:47.008+0000] {taskinstance.py:2698} ERROR - Task failed with exception
Traceback (most recent call last):
  File "/home/airflow/.local/lib/python3.11/site-packages/airflow/models/taskinstance.py", line 433, in _execute_task
    result = execute_callable(context=context, **execute_callable_kwargs)
             ^^^^^^^^^^^^^^^^^^^^^^^^^^^^^^^^^^^^^^^^^^^^^^^^^^^^^^^^^^^^
  File "/home/airflow/.local/lib/python3.11/site-packages/airflow/operators/python.py", line 199, in execute
    return_value = self.execute_callable()
                   ^^^^^^^^^^^^^^^^^^^^^^^
  File "/home/airflow/.local/lib/python3.11/site-packages/airflow/operators/python.py", line 216, in execute_callable
    return self.python_callable(*self.op_args, **self.op_kwargs)
           ^^^^^^^^^^^^^^^^^^^^^^^^^^^^^^^^^^^^^^^^^^^^^^^^^^^^^
  File "/opt/airflow/dags/tmdb_etl_dag.py", line 40, in run_extraction
    load_json_data(enriched_movies)
  File "/opt/airflow/src/utils/db_utils.py", line 50, in load_json_data
    conn.commit()
    ^^^^^^^^^^^
AttributeError: 'Connection' object has no attribute 'commit'
[2026-03-17T05:56:47.026+0000] {taskinstance.py:1138} INFO - Marking task as FAILED. dag_id=tmdb_snowflake_pipeline, task_id=extract_from_tmdb, execution_date=20260317T055515, start_date=20260317T055516, end_date=20260317T055647
[2026-03-17T05:56:47.036+0000] {standard_task_runner.py:107} ERROR - Failed to execute job 10 for task extract_from_tmdb ('Connection' object has no attribute 'commit'; 581)
[2026-03-17T05:56:47.067+0000] {local_task_job_runner.py:234} INFO - Task exited with return code 1
[2026-03-17T05:56:47.086+0000] {taskinstance.py:3280} INFO - 0 downstream tasks scheduled from follow-on schedule check
