[2026-03-17T04:41:32.964+0000] {taskinstance.py:1956} INFO - Dependencies all met for dep_context=non-requeueable deps ti=<TaskInstance: tmdb_snowflake_pipeline.extract_from_tmdb manual__2026-03-17T04:41:31.044270+00:00 [queued]>
[2026-03-17T04:41:32.970+0000] {taskinstance.py:1956} INFO - Dependencies all met for dep_context=requeueable deps ti=<TaskInstance: tmdb_snowflake_pipeline.extract_from_tmdb manual__2026-03-17T04:41:31.044270+00:00 [queued]>
[2026-03-17T04:41:32.970+0000] {taskinstance.py:2170} INFO - Starting attempt 1 of 3
[2026-03-17T04:41:32.981+0000] {taskinstance.py:2191} INFO - Executing <Task(PythonOperator): extract_from_tmdb> on 2026-03-17 04:41:31.044270+00:00
[2026-03-17T04:41:32.989+0000] {standard_task_runner.py:60} INFO - Started process 474 to run task
[2026-03-17T04:41:32.992+0000] {standard_task_runner.py:87} INFO - Running: ['***', 'tasks', 'run', 'tmdb_snowflake_pipeline', 'extract_from_tmdb', 'manual__2026-03-17T04:41:31.044270+00:00', '--job-id', '29', '--raw', '--subdir', 'DAGS_FOLDER/tmdb_etl_dag.py', '--cfg-path', '/tmp/tmpkoe357fk']
[2026-03-17T04:41:32.996+0000] {standard_task_runner.py:88} INFO - Job 29: Subtask extract_from_tmdb
[2026-03-17T04:41:33.052+0000] {task_command.py:423} INFO - Running <TaskInstance: tmdb_snowflake_pipeline.extract_from_tmdb manual__2026-03-17T04:41:31.044270+00:00 [running]> on host f4f38eb70c64
[2026-03-17T04:41:33.131+0000] {taskinstance.py:2480} INFO - Exporting env vars: AIRFLOW_CTX_DAG_OWNER='chanpitou' AIRFLOW_CTX_DAG_ID='tmdb_snowflake_pipeline' AIRFLOW_CTX_TASK_ID='extract_from_tmdb' AIRFLOW_CTX_EXECUTION_DATE='2026-03-17T04:41:31.044270+00:00' AIRFLOW_CTX_TRY_NUMBER='1' AIRFLOW_CTX_DAG_RUN_ID='manual__2026-03-17T04:41:31.044270+00:00'
[2026-03-17T04:41:33.618+0000] {extract_api_data.py:28} INFO - Collecting movies ids from page 1
[2026-03-17T04:41:34.045+0000] {extract_api_data.py:28} INFO - Collecting movies ids from page 2
[2026-03-17T04:41:34.413+0000] {extract_api_data.py:28} INFO - Collecting movies ids from page 3
[2026-03-17T04:41:34.812+0000] {extract_api_data.py:28} INFO - Collecting movies ids from page 4
[2026-03-17T04:41:35.150+0000] {extract_api_data.py:28} INFO - Collecting movies ids from page 5
[2026-03-17T04:41:35.151+0000] {extract_api_data.py:33} INFO - Found 100 movies, begin collecting details and credits of each movie
[2026-03-17T04:42:15.635+0000] {extract_api_data.py:60} INFO - Saving json data to /opt/***/data/enriched_movies.json
[2026-03-17T04:42:15.948+0000] {python.py:201} INFO - Done. Returned value was: None
[2026-03-17T04:42:15.959+0000] {taskinstance.py:1138} INFO - Marking task as SUCCESS. dag_id=tmdb_snowflake_pipeline, task_id=extract_from_tmdb, execution_date=20260317T044131, start_date=20260317T044132, end_date=20260317T044215
[2026-03-17T04:42:15.989+0000] {local_task_job_runner.py:234} INFO - Task exited with return code 0
[2026-03-17T04:42:16.007+0000] {taskinstance.py:3280} INFO - 1 downstream tasks scheduled from follow-on schedule check
