[2026-03-17T04:29:22.799+0000] {taskinstance.py:1956} INFO - Dependencies all met for dep_context=non-requeueable deps ti=<TaskInstance: tmdb_snowflake_pipeline.extract_from_tmdb manual__2026-03-17T04:23:34.751408+00:00 [queued]>
[2026-03-17T04:29:22.813+0000] {taskinstance.py:1956} INFO - Dependencies all met for dep_context=requeueable deps ti=<TaskInstance: tmdb_snowflake_pipeline.extract_from_tmdb manual__2026-03-17T04:23:34.751408+00:00 [queued]>
[2026-03-17T04:29:22.814+0000] {taskinstance.py:2170} INFO - Starting attempt 2 of 3
[2026-03-17T04:29:22.825+0000] {taskinstance.py:2191} INFO - Executing <Task(PythonOperator): extract_from_tmdb> on 2026-03-17 04:23:34.751408+00:00
[2026-03-17T04:29:22.833+0000] {standard_task_runner.py:60} INFO - Started process 276 to run task
[2026-03-17T04:29:22.837+0000] {standard_task_runner.py:87} INFO - Running: ['***', 'tasks', 'run', 'tmdb_snowflake_pipeline', 'extract_from_tmdb', 'manual__2026-03-17T04:23:34.751408+00:00', '--job-id', '25', '--raw', '--subdir', 'DAGS_FOLDER/tmdb_etl_dag.py', '--cfg-path', '/tmp/tmp6e6shdhd']
[2026-03-17T04:29:22.841+0000] {standard_task_runner.py:88} INFO - Job 25: Subtask extract_from_tmdb
[2026-03-17T04:29:22.925+0000] {task_command.py:423} INFO - Running <TaskInstance: tmdb_snowflake_pipeline.extract_from_tmdb manual__2026-03-17T04:23:34.751408+00:00 [running]> on host f4f38eb70c64
[2026-03-17T04:29:23.021+0000] {taskinstance.py:2480} INFO - Exporting env vars: AIRFLOW_CTX_DAG_OWNER='chanpitou' AIRFLOW_CTX_DAG_ID='tmdb_snowflake_pipeline' AIRFLOW_CTX_TASK_ID='extract_from_tmdb' AIRFLOW_CTX_EXECUTION_DATE='2026-03-17T04:23:34.751408+00:00' AIRFLOW_CTX_TRY_NUMBER='2' AIRFLOW_CTX_DAG_RUN_ID='manual__2026-03-17T04:23:34.751408+00:00'
[2026-03-17T04:29:24.001+0000] {extract_api_data.py:28} INFO - Collecting movies ids from page 1
[2026-03-17T04:29:24.863+0000] {extract_api_data.py:28} INFO - Collecting movies ids from page 2
[2026-03-17T04:29:26.190+0000] {extract_api_data.py:28} INFO - Collecting movies ids from page 3
[2026-03-17T04:29:28.277+0000] {extract_api_data.py:28} INFO - Collecting movies ids from page 4
[2026-03-17T04:29:29.842+0000] {extract_api_data.py:28} INFO - Collecting movies ids from page 5
[2026-03-17T04:29:29.843+0000] {extract_api_data.py:33} INFO - Found 100 movies, begin collecting details and credits of each movie
[2026-03-17T04:29:38.141+0000] {local_task_job_runner.py:302} WARNING - State of this instance has been externally set to restarting. Terminating instance.
[2026-03-17T04:29:38.147+0000] {process_utils.py:131} INFO - Sending 15 to group 276. PIDs of all processes in the group: [276]
[2026-03-17T04:29:38.148+0000] {process_utils.py:86} INFO - Sending the signal 15 to group 276
[2026-03-17T04:29:38.149+0000] {taskinstance.py:2450} ERROR - Received SIGTERM. Terminating subprocesses.
[2026-03-17T04:29:38.171+0000] {taskinstance.py:2698} ERROR - Task failed with exception
Traceback (most recent call last):
  File "/home/airflow/.local/lib/python3.11/site-packages/airflow/models/taskinstance.py", line 433, in _execute_task
    result = execute_callable(context=context, **execute_callable_kwargs)
             ^^^^^^^^^^^^^^^^^^^^^^^^^^^^^^^^^^^^^^^^^^^^^^^^^^^^^^^^^^^^
  File "/home/airflow/.local/lib/python3.11/site-packages/airflow/operators/python.py", line 199, in execute
    return_value = self.execute_callable()
                   ^^^^^^^^^^^^^^^^^^^^^^^
  File "/home/airflow/.local/lib/python3.11/site-packages/airflow/operators/python.py", line 216, in execute_callable
    return self.python_callable(*self.op_args, **self.op_kwargs)
           ^^^^^^^^^^^^^^^^^^^^^^^^^^^^^^^^^^^^^^^^^^^^^^^^^^^^^
  File "/opt/airflow/dags/tmdb_etl_dag.py", line 25, in run_extraction
    movies = client.get_enriched_movies(pages=5)
             ^^^^^^^^^^^^^^^^^^^^^^^^^^^^^^^^^^^
  File "/opt/airflow/src/extract/extract_api_data.py", line 38, in get_enriched_movies
    response = requests.get(detail_url, params=params)
               ^^^^^^^^^^^^^^^^^^^^^^^^^^^^^^^^^^^^^^^
  File "/home/airflow/.local/lib/python3.11/site-packages/requests/api.py", line 73, in get
    return request("get", url, params=params, **kwargs)
           ^^^^^^^^^^^^^^^^^^^^^^^^^^^^^^^^^^^^^^^^^^^^
  File "/home/airflow/.local/lib/python3.11/site-packages/requests/api.py", line 59, in request
    return session.request(method=method, url=url, **kwargs)
           ^^^^^^^^^^^^^^^^^^^^^^^^^^^^^^^^^^^^^^^^^^^^^^^^^
  File "/home/airflow/.local/lib/python3.11/site-packages/requests/sessions.py", line 589, in request
    resp = self.send(prep, **send_kwargs)
           ^^^^^^^^^^^^^^^^^^^^^^^^^^^^^^
  File "/home/airflow/.local/lib/python3.11/site-packages/requests/sessions.py", line 703, in send
    r = adapter.send(request, **kwargs)
        ^^^^^^^^^^^^^^^^^^^^^^^^^^^^^^^
  File "/home/airflow/.local/lib/python3.11/site-packages/requests/adapters.py", line 486, in send
    resp = conn.urlopen(
           ^^^^^^^^^^^^^
  File "/home/airflow/.local/lib/python3.11/site-packages/urllib3/connectionpool.py", line 791, in urlopen
    response = self._make_request(
               ^^^^^^^^^^^^^^^^^^^
  File "/home/airflow/.local/lib/python3.11/site-packages/urllib3/connectionpool.py", line 537, in _make_request
    response = conn.getresponse()
               ^^^^^^^^^^^^^^^^^^
  File "/home/airflow/.local/lib/python3.11/site-packages/urllib3/connection.py", line 461, in getresponse
    httplib_response = super().getresponse()
                       ^^^^^^^^^^^^^^^^^^^^^
  File "/usr/local/lib/python3.11/http/client.py", line 1390, in getresponse
    response.begin()
  File "/usr/local/lib/python3.11/http/client.py", line 325, in begin
    version, status, reason = self._read_status()
                              ^^^^^^^^^^^^^^^^^^^
  File "/usr/local/lib/python3.11/http/client.py", line 286, in _read_status
    line = str(self.fp.readline(_MAXLINE + 1), "iso-8859-1")
               ^^^^^^^^^^^^^^^^^^^^^^^^^^^^^^
  File "/usr/local/lib/python3.11/socket.py", line 706, in readinto
    return self._sock.recv_into(b)
           ^^^^^^^^^^^^^^^^^^^^^^^
  File "/usr/local/lib/python3.11/ssl.py", line 1314, in recv_into
    return self.read(nbytes, buffer)
           ^^^^^^^^^^^^^^^^^^^^^^^^^
  File "/usr/local/lib/python3.11/ssl.py", line 1166, in read
    return self._sslobj.read(len, buffer)
           ^^^^^^^^^^^^^^^^^^^^^^^^^^^^^^
  File "/home/airflow/.local/lib/python3.11/site-packages/airflow/models/taskinstance.py", line 2452, in signal_handler
    raise AirflowException("Task received SIGTERM signal")
airflow.exceptions.AirflowException: Task received SIGTERM signal
[2026-03-17T04:29:38.440+0000] {taskinstance.py:1138} INFO - Marking task as UP_FOR_RETRY. dag_id=tmdb_snowflake_pipeline, task_id=extract_from_tmdb, execution_date=20260317T042334, start_date=20260317T042922, end_date=20260317T042938
[2026-03-17T04:29:38.622+0000] {standard_task_runner.py:107} ERROR - Failed to execute job 25 for task extract_from_tmdb (Task received SIGTERM signal; 276)
[2026-03-17T04:29:38.724+0000] {process_utils.py:79} INFO - Process psutil.Process(pid=276, status='terminated', exitcode=1, started='04:29:22') (276) terminated with exit code 1
