[2026-03-17T06:00:49.715+0000] {taskinstance.py:1956} INFO - Dependencies all met for dep_context=non-requeueable deps ti=<TaskInstance: tmdb_snowflake_pipeline.transform_load_to_snowflake manual__2026-03-17T05:59:17.947602+00:00 [queued]>
[2026-03-17T06:00:49.720+0000] {taskinstance.py:1956} INFO - Dependencies all met for dep_context=requeueable deps ti=<TaskInstance: tmdb_snowflake_pipeline.transform_load_to_snowflake manual__2026-03-17T05:59:17.947602+00:00 [queued]>
[2026-03-17T06:00:49.721+0000] {taskinstance.py:2170} INFO - Starting attempt 1 of 1
[2026-03-17T06:00:49.730+0000] {taskinstance.py:2191} INFO - Executing <Task(PythonOperator): transform_load_to_snowflake> on 2026-03-17 05:59:17.947602+00:00
[2026-03-17T06:00:49.737+0000] {standard_task_runner.py:60} INFO - Started process 673 to run task
[2026-03-17T06:00:49.740+0000] {standard_task_runner.py:87} INFO - Running: ['***', 'tasks', 'run', 'tmdb_snowflake_pipeline', 'transform_load_to_snowflake', 'manual__2026-03-17T05:59:17.947602+00:00', '--job-id', '12', '--raw', '--subdir', 'DAGS_FOLDER/tmdb_etl_dag.py', '--cfg-path', '/tmp/tmp60l4imgt']
[2026-03-17T06:00:49.743+0000] {standard_task_runner.py:88} INFO - Job 12: Subtask transform_load_to_snowflake
[2026-03-17T06:00:49.792+0000] {task_command.py:423} INFO - Running <TaskInstance: tmdb_snowflake_pipeline.transform_load_to_snowflake manual__2026-03-17T05:59:17.947602+00:00 [running]> on host 8e918576c6b6
[2026-03-17T06:00:49.870+0000] {taskinstance.py:2480} INFO - Exporting env vars: AIRFLOW_CTX_DAG_OWNER='chanpitou' AIRFLOW_CTX_DAG_ID='tmdb_snowflake_pipeline' AIRFLOW_CTX_TASK_ID='transform_load_to_snowflake' AIRFLOW_CTX_EXECUTION_DATE='2026-03-17T05:59:17.947602+00:00' AIRFLOW_CTX_TRY_NUMBER='1' AIRFLOW_CTX_DAG_RUN_ID='manual__2026-03-17T05:59:17.947602+00:00'
[2026-03-17T06:00:49.871+0000] {tmdb_etl_dag.py:44} INFO - ------------------ Begin data transformation ------------------
[2026-03-17T06:00:49.871+0000] {tmdb_etl_dag.py:45} INFO - Fetching raw movie data from staging table
[2026-03-17T06:00:49.872+0000] {db_utils.py:26} INFO - Connection to PostgreSQL successful
[2026-03-17T06:00:49.872+0000] {logging_mixin.py:188} INFO - Engine(postgresql+psycopg2://postgres:***@host.docker.internal:5432/TMDB_Stage)
[2026-03-17T06:00:50.574+0000] {tmdb_etl_dag.py:48} INFO - DIM_MOVIES transformation
[2026-03-17T06:00:50.588+0000] {tmdb_etl_dag.py:51} INFO - FACT_FINANCE transformation
[2026-03-17T06:00:50.599+0000] {tmdb_etl_dag.py:54} INFO - DIM_CAST_PEOPLE & FACT_CAST transformation
[2026-03-17T06:00:50.710+0000] {tmdb_etl_dag.py:57} INFO - DIM_CREW_PEOPLE & FACT_CREW transformation
[2026-03-17T06:00:50.998+0000] {tmdb_etl_dag.py:60} INFO - DIM_GENRE & FACT_MOVIE_GENRE transformation
[2026-03-17T06:00:51.004+0000] {tmdb_etl_dag.py:63} INFO - Combining DIM_CAST_PEOPLE & DIM_CREW_PEOPLE into DIM_PEOPLE
[2026-03-17T06:00:51.010+0000] {tmdb_etl_dag.py:65} INFO - ------------------ End data transformation ------------------
[2026-03-17T06:00:51.011+0000] {tmdb_etl_dag.py:67} INFO - ------------------ Begin loading data to Snowflake ------------------
[2026-03-17T06:00:51.011+0000] {tmdb_etl_dag.py:68} INFO - Loading all dataframes into Snowflake
[2026-03-17T06:00:51.012+0000] {connection.py:370} INFO - Snowflake Connector for Python Version: 3.6.0, Python Version: 3.11.8, Platform: Linux-6.6.87.2-microsoft-standard-WSL2-x86_64-with-glibc2.36
[2026-03-17T06:00:51.012+0000] {connection.py:1171} INFO - This connection is in OCSP Fail Open Mode. TLS Certificates would be checked for validity and revocation status. Any other Certificate Revocation related exceptions or OCSP Responder failures would be disregarded in favor of connectivity.
[2026-03-17T06:00:52.532+0000] {tmdb_etl_dag.py:82} INFO - Loading data into DIM_MOVIES
[2026-03-17T06:00:52.533+0000] {cursor.py:1028} INFO - query: [CREATE TEMP STAGE /* Python:snowflake.connector.pandas_tools.write_pandas() */ "...]
[2026-03-17T06:00:53.095+0000] {cursor.py:1041} INFO - query execution done
[2026-03-17T06:00:53.096+0000] {cursor.py:1205} INFO - Number of results in first chunk: 1
[2026-03-17T06:00:53.142+0000] {cursor.py:1028} INFO - query: [PUT /* Python:snowflake.connector.pandas_tools.write_pandas() */ 'file:///tmp/tm...]
[2026-03-17T06:00:53.437+0000] {cursor.py:1041} INFO - query execution done
[2026-03-17T06:00:57.732+0000] {cursor.py:1028} INFO - query: [CREATE TEMP FILE FORMAT "TMDB_DB"."ANALYTICS"."rnfyxctult" /* Python:snowflake.c...]
[2026-03-17T06:00:58.087+0000] {cursor.py:1041} INFO - query execution done
[2026-03-17T06:00:58.087+0000] {cursor.py:1205} INFO - Number of results in first chunk: 1
[2026-03-17T06:00:58.088+0000] {cursor.py:1028} INFO - query: [SELECT COLUMN_NAME, TYPE FROM table(infer_schema(location=>'@"TMDB_DB"."ANALYTIC...]
[2026-03-17T06:00:59.338+0000] {cursor.py:1041} INFO - query execution done
[2026-03-17T06:00:59.338+0000] {cursor.py:1205} INFO - Number of results in first chunk: 6
[2026-03-17T06:00:59.339+0000] {cursor.py:1028} INFO - query: [CREATE  TABLE IF NOT EXISTS "TMDB_DB"."ANALYTICS"."kmqnwlfrhs" ("TMDB_ID" NUMBER...]
[2026-03-17T06:00:59.799+0000] {cursor.py:1041} INFO - query execution done
[2026-03-17T06:00:59.799+0000] {cursor.py:1205} INFO - Number of results in first chunk: 1
[2026-03-17T06:00:59.800+0000] {cursor.py:1028} INFO - query: [COPY INTO "TMDB_DB"."ANALYTICS"."kmqnwlfrhs" /* Python:snowflake.connector.panda...]
[2026-03-17T06:01:01.259+0000] {cursor.py:1041} INFO - query execution done
[2026-03-17T06:01:01.259+0000] {cursor.py:1205} INFO - Number of results in first chunk: 1
[2026-03-17T06:01:01.260+0000] {cursor.py:1028} INFO - query: [DROP TABLE IF EXISTS "TMDB_DB"."ANALYTICS"."DIM_MOVIES" /* Python:snowflake.conn...]
[2026-03-17T06:01:01.575+0000] {cursor.py:1041} INFO - query execution done
[2026-03-17T06:01:01.576+0000] {cursor.py:1205} INFO - Number of results in first chunk: 1
[2026-03-17T06:01:01.576+0000] {cursor.py:1028} INFO - query: [ALTER TABLE "TMDB_DB"."ANALYTICS"."kmqnwlfrhs" RENAME TO "TMDB_DB"."ANALYTICS"."...]
[2026-03-17T06:01:01.898+0000] {cursor.py:1041} INFO - query execution done
[2026-03-17T06:01:01.898+0000] {cursor.py:1205} INFO - Number of results in first chunk: 1
[2026-03-17T06:01:01.899+0000] {logging_mixin.py:188} INFO - Successfully loaded 337 rows into DIM_MOVIES.
[2026-03-17T06:01:01.899+0000] {tmdb_etl_dag.py:82} INFO - Loading data into DIM_PEOPLE
[2026-03-17T06:01:01.902+0000] {logging_mixin.py:188} WARNING - /opt/***/src/load/snowflake_loader.py:26 UserWarning: Pandas Dataframe has non-standard index of type <class 'pandas.core.indexes.base.Index'> which will not be written. Consider changing the index to pd.RangeIndex(start=0,...,step=1) or call reset_index() to keep index as column(s)
[2026-03-17T06:01:01.903+0000] {cursor.py:1028} INFO - query: [CREATE TEMP STAGE /* Python:snowflake.connector.pandas_tools.write_pandas() */ "...]
[2026-03-17T06:01:02.246+0000] {cursor.py:1041} INFO - query execution done
[2026-03-17T06:01:02.247+0000] {cursor.py:1205} INFO - Number of results in first chunk: 1
[2026-03-17T06:01:02.354+0000] {cursor.py:1028} INFO - query: [PUT /* Python:snowflake.connector.pandas_tools.write_pandas() */ 'file:///tmp/tm...]
[2026-03-17T06:01:02.649+0000] {cursor.py:1041} INFO - query execution done
[2026-03-17T06:01:07.421+0000] {cursor.py:1028} INFO - query: [CREATE TEMP FILE FORMAT "TMDB_DB"."ANALYTICS"."ljaulvtthx" /* Python:snowflake.c...]
[2026-03-17T06:01:07.633+0000] {cursor.py:1041} INFO - query execution done
[2026-03-17T06:01:07.634+0000] {cursor.py:1205} INFO - Number of results in first chunk: 1
[2026-03-17T06:01:07.634+0000] {cursor.py:1028} INFO - query: [SELECT COLUMN_NAME, TYPE FROM table(infer_schema(location=>'@"TMDB_DB"."ANALYTIC...]
[2026-03-17T06:01:08.672+0000] {cursor.py:1041} INFO - query execution done
[2026-03-17T06:01:08.673+0000] {cursor.py:1205} INFO - Number of results in first chunk: 5
[2026-03-17T06:01:08.673+0000] {cursor.py:1028} INFO - query: [CREATE  TABLE IF NOT EXISTS "TMDB_DB"."ANALYTICS"."anyxrxzqia" ("ID" NUMBER(38, ...]
[2026-03-17T06:01:09.170+0000] {cursor.py:1041} INFO - query execution done
[2026-03-17T06:01:09.170+0000] {cursor.py:1205} INFO - Number of results in first chunk: 1
[2026-03-17T06:01:09.171+0000] {cursor.py:1028} INFO - query: [COPY INTO "TMDB_DB"."ANALYTICS"."anyxrxzqia" /* Python:snowflake.connector.panda...]
[2026-03-17T06:01:10.761+0000] {cursor.py:1041} INFO - query execution done
[2026-03-17T06:01:10.761+0000] {cursor.py:1205} INFO - Number of results in first chunk: 1
[2026-03-17T06:01:10.762+0000] {cursor.py:1028} INFO - query: [DROP TABLE IF EXISTS "TMDB_DB"."ANALYTICS"."DIM_PEOPLE" /* Python:snowflake.conn...]
[2026-03-17T06:01:11.064+0000] {cursor.py:1041} INFO - query execution done
[2026-03-17T06:01:11.065+0000] {cursor.py:1205} INFO - Number of results in first chunk: 1
[2026-03-17T06:01:11.065+0000] {cursor.py:1028} INFO - query: [ALTER TABLE "TMDB_DB"."ANALYTICS"."anyxrxzqia" RENAME TO "TMDB_DB"."ANALYTICS"."...]
[2026-03-17T06:01:11.369+0000] {cursor.py:1041} INFO - query execution done
[2026-03-17T06:01:11.369+0000] {cursor.py:1205} INFO - Number of results in first chunk: 1
[2026-03-17T06:01:11.370+0000] {logging_mixin.py:188} INFO - Successfully loaded 33864 rows into DIM_PEOPLE.
[2026-03-17T06:01:11.370+0000] {tmdb_etl_dag.py:82} INFO - Loading data into DIM_GENRES
[2026-03-17T06:01:11.371+0000] {cursor.py:1028} INFO - query: [CREATE TEMP STAGE /* Python:snowflake.connector.pandas_tools.write_pandas() */ "...]
[2026-03-17T06:01:11.778+0000] {cursor.py:1041} INFO - query execution done
[2026-03-17T06:01:11.779+0000] {cursor.py:1205} INFO - Number of results in first chunk: 1
[2026-03-17T06:01:11.782+0000] {cursor.py:1028} INFO - query: [PUT /* Python:snowflake.connector.pandas_tools.write_pandas() */ 'file:///tmp/tm...]
[2026-03-17T06:01:12.196+0000] {cursor.py:1041} INFO - query execution done
[2026-03-17T06:01:13.460+0000] {cursor.py:1028} INFO - query: [CREATE TEMP FILE FORMAT "TMDB_DB"."ANALYTICS"."nrrwzoukye" /* Python:snowflake.c...]
[2026-03-17T06:01:13.674+0000] {cursor.py:1041} INFO - query execution done
[2026-03-17T06:01:13.674+0000] {cursor.py:1205} INFO - Number of results in first chunk: 1
[2026-03-17T06:01:13.675+0000] {cursor.py:1028} INFO - query: [SELECT COLUMN_NAME, TYPE FROM table(infer_schema(location=>'@"TMDB_DB"."ANALYTIC...]
[2026-03-17T06:01:14.104+0000] {cursor.py:1041} INFO - query execution done
[2026-03-17T06:01:14.104+0000] {cursor.py:1205} INFO - Number of results in first chunk: 3
[2026-03-17T06:01:14.105+0000] {cursor.py:1028} INFO - query: [CREATE  TABLE IF NOT EXISTS "TMDB_DB"."ANALYTICS"."dueivzixua" ("GENRE_ID" NUMBE...]
[2026-03-17T06:01:14.774+0000] {cursor.py:1041} INFO - query execution done
[2026-03-17T06:01:14.774+0000] {cursor.py:1205} INFO - Number of results in first chunk: 1
[2026-03-17T06:01:14.775+0000] {cursor.py:1028} INFO - query: [COPY INTO "TMDB_DB"."ANALYTICS"."dueivzixua" /* Python:snowflake.connector.panda...]
[2026-03-17T06:01:16.215+0000] {cursor.py:1041} INFO - query execution done
[2026-03-17T06:01:16.215+0000] {cursor.py:1205} INFO - Number of results in first chunk: 1
[2026-03-17T06:01:16.216+0000] {cursor.py:1028} INFO - query: [DROP TABLE IF EXISTS "TMDB_DB"."ANALYTICS"."DIM_GENRES" /* Python:snowflake.conn...]
[2026-03-17T06:01:16.625+0000] {cursor.py:1041} INFO - query execution done
[2026-03-17T06:01:16.626+0000] {cursor.py:1205} INFO - Number of results in first chunk: 1
[2026-03-17T06:01:16.626+0000] {cursor.py:1028} INFO - query: [ALTER TABLE "TMDB_DB"."ANALYTICS"."dueivzixua" RENAME TO "TMDB_DB"."ANALYTICS"."...]
[2026-03-17T06:01:16.905+0000] {cursor.py:1041} INFO - query execution done
[2026-03-17T06:01:16.905+0000] {cursor.py:1205} INFO - Number of results in first chunk: 1
[2026-03-17T06:01:16.906+0000] {logging_mixin.py:188} INFO - Successfully loaded 19 rows into DIM_GENRES.
[2026-03-17T06:01:16.906+0000] {tmdb_etl_dag.py:82} INFO - Loading data into FACT_MOVIE_FINANCE
[2026-03-17T06:01:16.907+0000] {cursor.py:1028} INFO - query: [CREATE TEMP STAGE /* Python:snowflake.connector.pandas_tools.write_pandas() */ "...]
[2026-03-17T06:01:17.371+0000] {cursor.py:1041} INFO - query execution done
[2026-03-17T06:01:17.372+0000] {cursor.py:1205} INFO - Number of results in first chunk: 1
[2026-03-17T06:01:17.376+0000] {cursor.py:1028} INFO - query: [PUT /* Python:snowflake.connector.pandas_tools.write_pandas() */ 'file:///tmp/tm...]
[2026-03-17T06:01:17.760+0000] {cursor.py:1041} INFO - query execution done
[2026-03-17T06:01:18.377+0000] {cursor.py:1028} INFO - query: [CREATE TEMP FILE FORMAT "TMDB_DB"."ANALYTICS"."zelosasbwa" /* Python:snowflake.c...]
[2026-03-17T06:01:18.570+0000] {cursor.py:1041} INFO - query execution done
[2026-03-17T06:01:18.571+0000] {cursor.py:1205} INFO - Number of results in first chunk: 1
[2026-03-17T06:01:18.571+0000] {cursor.py:1028} INFO - query: [SELECT COLUMN_NAME, TYPE FROM table(infer_schema(location=>'@"TMDB_DB"."ANALYTIC...]
[2026-03-17T06:01:19.040+0000] {cursor.py:1041} INFO - query execution done
[2026-03-17T06:01:19.041+0000] {cursor.py:1205} INFO - Number of results in first chunk: 8
[2026-03-17T06:01:19.042+0000] {cursor.py:1028} INFO - query: [CREATE  TABLE IF NOT EXISTS "TMDB_DB"."ANALYTICS"."xwgghamepe" ("TMDB_ID" NUMBER...]
[2026-03-17T06:01:19.498+0000] {cursor.py:1041} INFO - query execution done
[2026-03-17T06:01:19.499+0000] {cursor.py:1205} INFO - Number of results in first chunk: 1
[2026-03-17T06:01:19.499+0000] {cursor.py:1028} INFO - query: [COPY INTO "TMDB_DB"."ANALYTICS"."xwgghamepe" /* Python:snowflake.connector.panda...]
[2026-03-17T06:01:21.018+0000] {cursor.py:1041} INFO - query execution done
[2026-03-17T06:01:21.019+0000] {cursor.py:1205} INFO - Number of results in first chunk: 1
[2026-03-17T06:01:21.019+0000] {cursor.py:1028} INFO - query: [DROP TABLE IF EXISTS "TMDB_DB"."ANALYTICS"."FACT_MOVIE_FINANCE" /* Python:snowfl...]
[2026-03-17T06:01:21.397+0000] {cursor.py:1041} INFO - query execution done
[2026-03-17T06:01:21.398+0000] {cursor.py:1205} INFO - Number of results in first chunk: 1
[2026-03-17T06:01:21.398+0000] {cursor.py:1028} INFO - query: [ALTER TABLE "TMDB_DB"."ANALYTICS"."xwgghamepe" RENAME TO "TMDB_DB"."ANALYTICS"."...]
[2026-03-17T06:01:21.657+0000] {cursor.py:1041} INFO - query execution done
[2026-03-17T06:01:21.657+0000] {cursor.py:1205} INFO - Number of results in first chunk: 1
[2026-03-17T06:01:21.657+0000] {logging_mixin.py:188} INFO - Successfully loaded 337 rows into FACT_MOVIE_FINANCE.
[2026-03-17T06:01:21.658+0000] {tmdb_etl_dag.py:82} INFO - Loading data into FACT_CAST
[2026-03-17T06:01:21.658+0000] {cursor.py:1028} INFO - query: [CREATE TEMP STAGE /* Python:snowflake.connector.pandas_tools.write_pandas() */ "...]
[2026-03-17T06:01:22.016+0000] {cursor.py:1041} INFO - query execution done
[2026-03-17T06:01:22.016+0000] {cursor.py:1205} INFO - Number of results in first chunk: 1
[2026-03-17T06:01:22.038+0000] {cursor.py:1028} INFO - query: [PUT /* Python:snowflake.connector.pandas_tools.write_pandas() */ 'file:///tmp/tm...]
[2026-03-17T06:01:22.313+0000] {cursor.py:1041} INFO - query execution done
[2026-03-17T06:01:23.538+0000] {cursor.py:1028} INFO - query: [CREATE TEMP FILE FORMAT "TMDB_DB"."ANALYTICS"."xhiqarevjj" /* Python:snowflake.c...]
[2026-03-17T06:01:23.791+0000] {cursor.py:1041} INFO - query execution done
[2026-03-17T06:01:23.791+0000] {cursor.py:1205} INFO - Number of results in first chunk: 1
[2026-03-17T06:01:23.792+0000] {cursor.py:1028} INFO - query: [SELECT COLUMN_NAME, TYPE FROM table(infer_schema(location=>'@"TMDB_DB"."ANALYTIC...]
[2026-03-17T06:01:24.226+0000] {cursor.py:1041} INFO - query execution done
[2026-03-17T06:01:24.226+0000] {cursor.py:1205} INFO - Number of results in first chunk: 4
[2026-03-17T06:01:24.227+0000] {cursor.py:1028} INFO - query: [CREATE  TABLE IF NOT EXISTS "TMDB_DB"."ANALYTICS"."zdpgydbkhm" ("MOVIE_ID" NUMBE...]
[2026-03-17T06:01:24.781+0000] {cursor.py:1041} INFO - query execution done
[2026-03-17T06:01:24.781+0000] {cursor.py:1205} INFO - Number of results in first chunk: 1
[2026-03-17T06:01:24.782+0000] {cursor.py:1028} INFO - query: [COPY INTO "TMDB_DB"."ANALYTICS"."zdpgydbkhm" /* Python:snowflake.connector.panda...]
[2026-03-17T06:01:26.398+0000] {cursor.py:1041} INFO - query execution done
[2026-03-17T06:01:26.399+0000] {cursor.py:1205} INFO - Number of results in first chunk: 1
[2026-03-17T06:01:26.399+0000] {cursor.py:1028} INFO - query: [DROP TABLE IF EXISTS "TMDB_DB"."ANALYTICS"."FACT_CAST" /* Python:snowflake.conne...]
[2026-03-17T06:01:26.669+0000] {cursor.py:1041} INFO - query execution done
[2026-03-17T06:01:26.670+0000] {cursor.py:1205} INFO - Number of results in first chunk: 1
[2026-03-17T06:01:26.670+0000] {cursor.py:1028} INFO - query: [ALTER TABLE "TMDB_DB"."ANALYTICS"."zdpgydbkhm" RENAME TO "TMDB_DB"."ANALYTICS"."...]
[2026-03-17T06:01:27.012+0000] {cursor.py:1041} INFO - query execution done
[2026-03-17T06:01:27.012+0000] {cursor.py:1205} INFO - Number of results in first chunk: 1
[2026-03-17T06:01:27.013+0000] {logging_mixin.py:188} INFO - Successfully loaded 11121 rows into FACT_CAST.
[2026-03-17T06:01:27.013+0000] {tmdb_etl_dag.py:82} INFO - Loading data into FACT_CREW
[2026-03-17T06:01:27.014+0000] {cursor.py:1028} INFO - query: [CREATE TEMP STAGE /* Python:snowflake.connector.pandas_tools.write_pandas() */ "...]
[2026-03-17T06:01:27.440+0000] {cursor.py:1041} INFO - query execution done
[2026-03-17T06:01:27.441+0000] {cursor.py:1205} INFO - Number of results in first chunk: 1
[2026-03-17T06:01:27.471+0000] {cursor.py:1028} INFO - query: [PUT /* Python:snowflake.connector.pandas_tools.write_pandas() */ 'file:///tmp/tm...]
[2026-03-17T06:01:27.769+0000] {cursor.py:1041} INFO - query execution done
[2026-03-17T06:01:29.152+0000] {cursor.py:1028} INFO - query: [CREATE TEMP FILE FORMAT "TMDB_DB"."ANALYTICS"."mxqfkvsadd" /* Python:snowflake.c...]
[2026-03-17T06:01:29.403+0000] {cursor.py:1041} INFO - query execution done
[2026-03-17T06:01:29.404+0000] {cursor.py:1205} INFO - Number of results in first chunk: 1
[2026-03-17T06:01:29.404+0000] {cursor.py:1028} INFO - query: [SELECT COLUMN_NAME, TYPE FROM table(infer_schema(location=>'@"TMDB_DB"."ANALYTIC...]
[2026-03-17T06:01:29.831+0000] {cursor.py:1041} INFO - query execution done
[2026-03-17T06:01:29.832+0000] {cursor.py:1205} INFO - Number of results in first chunk: 4
[2026-03-17T06:01:29.832+0000] {cursor.py:1028} INFO - query: [CREATE  TABLE IF NOT EXISTS "TMDB_DB"."ANALYTICS"."invkfokyub" ("MOVIE_ID" NUMBE...]
[2026-03-17T06:01:30.436+0000] {cursor.py:1041} INFO - query execution done
[2026-03-17T06:01:30.436+0000] {cursor.py:1205} INFO - Number of results in first chunk: 1
[2026-03-17T06:01:30.437+0000] {cursor.py:1028} INFO - query: [COPY INTO "TMDB_DB"."ANALYTICS"."invkfokyub" /* Python:snowflake.connector.panda...]
[2026-03-17T06:01:32.043+0000] {cursor.py:1041} INFO - query execution done
[2026-03-17T06:01:32.044+0000] {cursor.py:1205} INFO - Number of results in first chunk: 1
[2026-03-17T06:01:32.044+0000] {cursor.py:1028} INFO - query: [DROP TABLE IF EXISTS "TMDB_DB"."ANALYTICS"."FACT_CREW" /* Python:snowflake.conne...]
[2026-03-17T06:01:32.328+0000] {cursor.py:1041} INFO - query execution done
[2026-03-17T06:01:32.329+0000] {cursor.py:1205} INFO - Number of results in first chunk: 1
[2026-03-17T06:01:32.329+0000] {cursor.py:1028} INFO - query: [ALTER TABLE "TMDB_DB"."ANALYTICS"."invkfokyub" RENAME TO "TMDB_DB"."ANALYTICS"."...]
[2026-03-17T06:01:32.627+0000] {cursor.py:1041} INFO - query execution done
[2026-03-17T06:01:32.627+0000] {cursor.py:1205} INFO - Number of results in first chunk: 1
[2026-03-17T06:01:32.628+0000] {logging_mixin.py:188} INFO - Successfully loaded 30083 rows into FACT_CREW.
[2026-03-17T06:01:32.628+0000] {tmdb_etl_dag.py:88} INFO - Closing snowflake connection.
[2026-03-17T06:01:32.628+0000] {connection.py:718} INFO - closed
[2026-03-17T06:01:32.858+0000] {connection.py:724} INFO - No async queries seem to be running, deleting session
[2026-03-17T06:01:32.999+0000] {tmdb_etl_dag.py:90} INFO - ------------------ End data loading to Snowflake ------------------
[2026-03-17T06:01:33.008+0000] {python.py:201} INFO - Done. Returned value was: None
[2026-03-17T06:01:33.020+0000] {taskinstance.py:1138} INFO - Marking task as SUCCESS. dag_id=tmdb_snowflake_pipeline, task_id=transform_load_to_snowflake, execution_date=20260317T055917, start_date=20260317T060049, end_date=20260317T060133
[2026-03-17T06:01:33.080+0000] {local_task_job_runner.py:234} INFO - Task exited with return code 0
[2026-03-17T06:01:33.098+0000] {taskinstance.py:3280} INFO - 0 downstream tasks scheduled from follow-on schedule check
