[2026-03-15T06:52:47.930+0000] {taskinstance.py:1956} INFO - Dependencies all met for dep_context=non-requeueable deps ti=<TaskInstance: tmdb_snowflake_pipeline.extract_from_tmdb manual__2026-03-15T06:41:08.715844+00:00 [queued]>
[2026-03-15T06:52:47.935+0000] {taskinstance.py:1956} INFO - Dependencies all met for dep_context=requeueable deps ti=<TaskInstance: tmdb_snowflake_pipeline.extract_from_tmdb manual__2026-03-15T06:41:08.715844+00:00 [queued]>
[2026-03-15T06:52:47.935+0000] {taskinstance.py:2170} INFO - Starting attempt 3 of 3
[2026-03-15T06:52:47.945+0000] {taskinstance.py:2191} INFO - Executing <Task(PythonOperator): extract_from_tmdb> on 2026-03-15 06:41:08.715844+00:00
[2026-03-15T06:52:47.952+0000] {standard_task_runner.py:60} INFO - Started process 600 to run task
[2026-03-15T06:52:47.955+0000] {standard_task_runner.py:87} INFO - Running: ['***', 'tasks', 'run', 'tmdb_snowflake_pipeline', 'extract_from_tmdb', 'manual__2026-03-15T06:41:08.715844+00:00', '--job-id', '5', '--raw', '--subdir', 'DAGS_FOLDER/tmdb_etl_dag.py', '--cfg-path', '/tmp/tmp65da26g2']
[2026-03-15T06:52:47.958+0000] {standard_task_runner.py:88} INFO - Job 5: Subtask extract_from_tmdb
[2026-03-15T06:52:48.013+0000] {task_command.py:423} INFO - Running <TaskInstance: tmdb_snowflake_pipeline.extract_from_tmdb manual__2026-03-15T06:41:08.715844+00:00 [running]> on host 36f3bf3676b0
[2026-03-15T06:52:48.087+0000] {taskinstance.py:2480} INFO - Exporting env vars: AIRFLOW_CTX_DAG_OWNER='chanpitou' AIRFLOW_CTX_DAG_ID='tmdb_snowflake_pipeline' AIRFLOW_CTX_TASK_ID='extract_from_tmdb' AIRFLOW_CTX_EXECUTION_DATE='2026-03-15T06:41:08.715844+00:00' AIRFLOW_CTX_TRY_NUMBER='3' AIRFLOW_CTX_DAG_RUN_ID='manual__2026-03-15T06:41:08.715844+00:00'
[2026-03-15T06:52:48.562+0000] {extract_api_data.py:28} INFO - Collecting movies ids from page 1
[2026-03-15T06:52:49.016+0000] {extract_api_data.py:28} INFO - Collecting movies ids from page 2
[2026-03-15T06:52:49.400+0000] {extract_api_data.py:28} INFO - Collecting movies ids from page 3
[2026-03-15T06:52:49.572+0000] {extract_api_data.py:28} INFO - Collecting movies ids from page 4
[2026-03-15T06:52:49.975+0000] {extract_api_data.py:28} INFO - Collecting movies ids from page 5
[2026-03-15T06:52:49.975+0000] {extract_api_data.py:33} INFO - Found 100 movies, begin collecting details and credits of each movie
[2026-03-15T06:53:05.593+0000] {local_task_job_runner.py:121} ERROR - Received SIGTERM. Terminating subprocesses
[2026-03-15T06:53:05.602+0000] {process_utils.py:131} INFO - Sending 15 to group 600. PIDs of all processes in the group: [600]
[2026-03-15T06:53:05.609+0000] {process_utils.py:86} INFO - Sending the signal 15 to group 600
[2026-03-15T06:53:05.627+0000] {taskinstance.py:2450} ERROR - Received SIGTERM. Terminating subprocesses.
[2026-03-15T06:53:05.747+0000] {local_task_job_runner.py:121} ERROR - Received SIGTERM. Terminating subprocesses
