[2026-03-17T03:38:14.544+0000] {taskinstance.py:1956} INFO - Dependencies all met for dep_context=non-requeueable deps ti=<TaskInstance: tmdb_snowflake_pipeline.extract_from_tmdb scheduled__2026-03-15T00:00:00+00:00 [queued]>
[2026-03-17T03:38:14.552+0000] {taskinstance.py:1956} INFO - Dependencies all met for dep_context=requeueable deps ti=<TaskInstance: tmdb_snowflake_pipeline.extract_from_tmdb scheduled__2026-03-15T00:00:00+00:00 [queued]>
[2026-03-17T03:38:14.553+0000] {taskinstance.py:2170} INFO - Starting attempt 1 of 3
[2026-03-17T03:38:14.564+0000] {taskinstance.py:2191} INFO - Executing <Task(PythonOperator): extract_from_tmdb> on 2026-03-15 00:00:00+00:00
[2026-03-17T03:38:14.573+0000] {standard_task_runner.py:60} INFO - Started process 232 to run task
[2026-03-17T03:38:14.577+0000] {standard_task_runner.py:87} INFO - Running: ['***', 'tasks', 'run', 'tmdb_snowflake_pipeline', 'extract_from_tmdb', 'scheduled__2026-03-15T00:00:00+00:00', '--job-id', '8', '--raw', '--subdir', 'DAGS_FOLDER/tmdb_etl_dag.py', '--cfg-path', '/tmp/tmpoz3nkxu8']
[2026-03-17T03:38:14.580+0000] {standard_task_runner.py:88} INFO - Job 8: Subtask extract_from_tmdb
[2026-03-17T03:38:14.635+0000] {task_command.py:423} INFO - Running <TaskInstance: tmdb_snowflake_pipeline.extract_from_tmdb scheduled__2026-03-15T00:00:00+00:00 [running]> on host 36f3bf3676b0
[2026-03-17T03:38:14.721+0000] {taskinstance.py:2480} INFO - Exporting env vars: AIRFLOW_CTX_DAG_OWNER='chanpitou' AIRFLOW_CTX_DAG_ID='tmdb_snowflake_pipeline' AIRFLOW_CTX_TASK_ID='extract_from_tmdb' AIRFLOW_CTX_EXECUTION_DATE='2026-03-15T00:00:00+00:00' AIRFLOW_CTX_TRY_NUMBER='1' AIRFLOW_CTX_DAG_RUN_ID='scheduled__2026-03-15T00:00:00+00:00'
[2026-03-17T03:38:15.384+0000] {extract_api_data.py:28} INFO - Collecting movies ids from page 1
[2026-03-17T03:38:15.729+0000] {extract_api_data.py:28} INFO - Collecting movies ids from page 2
[2026-03-17T03:38:16.132+0000] {extract_api_data.py:28} INFO - Collecting movies ids from page 3
[2026-03-17T03:38:16.508+0000] {extract_api_data.py:28} INFO - Collecting movies ids from page 4
[2026-03-17T03:38:16.917+0000] {extract_api_data.py:28} INFO - Collecting movies ids from page 5
[2026-03-17T03:38:16.918+0000] {extract_api_data.py:33} INFO - Found 100 movies, begin collecting details and credits of each movie
[2026-03-17T03:38:55.697+0000] {taskinstance.py:2698} ERROR - Task failed with exception
Traceback (most recent call last):
  File "/home/airflow/.local/lib/python3.11/site-packages/airflow/models/taskinstance.py", line 433, in _execute_task
    result = execute_callable(context=context, **execute_callable_kwargs)
             ^^^^^^^^^^^^^^^^^^^^^^^^^^^^^^^^^^^^^^^^^^^^^^^^^^^^^^^^^^^^
  File "/home/airflow/.local/lib/python3.11/site-packages/airflow/operators/python.py", line 199, in execute
    return_value = self.execute_callable()
                   ^^^^^^^^^^^^^^^^^^^^^^^
  File "/home/airflow/.local/lib/python3.11/site-packages/airflow/operators/python.py", line 216, in execute_callable
    return self.python_callable(*self.op_args, **self.op_kwargs)
           ^^^^^^^^^^^^^^^^^^^^^^^^^^^^^^^^^^^^^^^^^^^^^^^^^^^^^
  File "/opt/airflow/dags/tmdb_etl_dag.py", line 26, in run_extraction
    client.save_to_json(movies, "/opt/airflow/data/enriched_movies.json")
  File "/opt/airflow/src/extract/extract_api_data.py", line 60, in save_to_json
    with open(file_path, "w") as file:
         ^^^^^^^^^^^^^^^^^^^^
FileNotFoundError: [Errno 2] No such file or directory: 'C:/Users/umcha/OneDrive/Desktop/Data_Workstation/TMDB_ETL_Pipeline/data//opt/airflow/data/enriched_movies.json'
[2026-03-17T03:38:55.716+0000] {taskinstance.py:1138} INFO - Marking task as UP_FOR_RETRY. dag_id=tmdb_snowflake_pipeline, task_id=extract_from_tmdb, execution_date=20260315T000000, start_date=20260317T033814, end_date=20260317T033855
[2026-03-17T03:38:55.729+0000] {standard_task_runner.py:107} ERROR - Failed to execute job 8 for task extract_from_tmdb ([Errno 2] No such file or directory: 'C:/Users/umcha/OneDrive/Desktop/Data_Workstation/TMDB_ETL_Pipeline/data//opt/airflow/data/enriched_movies.json'; 232)
[2026-03-17T03:38:55.755+0000] {local_task_job_runner.py:234} INFO - Task exited with return code 1
[2026-03-17T03:38:55.774+0000] {taskinstance.py:3280} INFO - 0 downstream tasks scheduled from follow-on schedule check
[2026-03-17T05:03:13.187+0000] {taskinstance.py:1956} INFO - Dependencies all met for dep_context=non-requeueable deps ti=<TaskInstance: tmdb_snowflake_pipeline.extract_from_tmdb scheduled__2026-03-15T00:00:00+00:00 [queued]>
[2026-03-17T05:03:13.195+0000] {taskinstance.py:1956} INFO - Dependencies all met for dep_context=requeueable deps ti=<TaskInstance: tmdb_snowflake_pipeline.extract_from_tmdb scheduled__2026-03-15T00:00:00+00:00 [queued]>
[2026-03-17T05:03:13.195+0000] {taskinstance.py:2170} INFO - Starting attempt 1 of 3
[2026-03-17T05:03:13.206+0000] {taskinstance.py:2191} INFO - Executing <Task(PythonOperator): extract_from_tmdb> on 2026-03-15 00:00:00+00:00
[2026-03-17T05:03:13.215+0000] {standard_task_runner.py:60} INFO - Started process 298 to run task
[2026-03-17T05:03:13.220+0000] {standard_task_runner.py:87} INFO - Running: ['***', 'tasks', 'run', 'tmdb_snowflake_pipeline', 'extract_from_tmdb', 'scheduled__2026-03-15T00:00:00+00:00', '--job-id', '3', '--raw', '--subdir', 'DAGS_FOLDER/tmdb_etl_dag.py', '--cfg-path', '/tmp/tmpntlmmqfm']
[2026-03-17T05:03:13.224+0000] {standard_task_runner.py:88} INFO - Job 3: Subtask extract_from_tmdb
[2026-03-17T05:03:13.295+0000] {task_command.py:423} INFO - Running <TaskInstance: tmdb_snowflake_pipeline.extract_from_tmdb scheduled__2026-03-15T00:00:00+00:00 [running]> on host 5dfd1533d1bc
[2026-03-17T05:03:13.397+0000] {taskinstance.py:2480} INFO - Exporting env vars: AIRFLOW_CTX_DAG_OWNER='chanpitou' AIRFLOW_CTX_DAG_ID='tmdb_snowflake_pipeline' AIRFLOW_CTX_TASK_ID='extract_from_tmdb' AIRFLOW_CTX_EXECUTION_DATE='2026-03-15T00:00:00+00:00' AIRFLOW_CTX_TRY_NUMBER='1' AIRFLOW_CTX_DAG_RUN_ID='scheduled__2026-03-15T00:00:00+00:00'
[2026-03-17T05:03:13.910+0000] {extract_api_data.py:28} INFO - Collecting movies ids from page 1
[2026-03-17T05:03:14.331+0000] {extract_api_data.py:28} INFO - Collecting movies ids from page 2
[2026-03-17T05:03:14.333+0000] {extract_api_data.py:33} INFO - Found 40 movies, begin collecting details and credits of each movie
[2026-03-17T05:03:28.009+0000] {extract_api_data.py:60} INFO - Saving json data to /opt/***/data/enriched_movies.json
[2026-03-17T05:03:28.149+0000] {python.py:201} INFO - Done. Returned value was: None
[2026-03-17T05:03:28.161+0000] {taskinstance.py:1138} INFO - Marking task as SUCCESS. dag_id=tmdb_snowflake_pipeline, task_id=extract_from_tmdb, execution_date=20260315T000000, start_date=20260317T050313, end_date=20260317T050328
[2026-03-17T05:03:28.188+0000] {local_task_job_runner.py:234} INFO - Task exited with return code 0
[2026-03-17T05:03:28.207+0000] {taskinstance.py:3280} INFO - 1 downstream tasks scheduled from follow-on schedule check
[2026-03-17T05:35:27.271+0000] {taskinstance.py:1956} INFO - Dependencies all met for dep_context=non-requeueable deps ti=<TaskInstance: tmdb_snowflake_pipeline.extract_from_tmdb scheduled__2026-03-15T00:00:00+00:00 [queued]>
[2026-03-17T05:35:27.277+0000] {taskinstance.py:1956} INFO - Dependencies all met for dep_context=requeueable deps ti=<TaskInstance: tmdb_snowflake_pipeline.extract_from_tmdb scheduled__2026-03-15T00:00:00+00:00 [queued]>
[2026-03-17T05:35:27.277+0000] {taskinstance.py:2170} INFO - Starting attempt 1 of 1
[2026-03-17T05:35:27.286+0000] {taskinstance.py:2191} INFO - Executing <Task(PythonOperator): extract_from_tmdb> on 2026-03-15 00:00:00+00:00
[2026-03-17T05:35:27.296+0000] {standard_task_runner.py:60} INFO - Started process 256 to run task
[2026-03-17T05:35:27.300+0000] {standard_task_runner.py:87} INFO - Running: ['***', 'tasks', 'run', 'tmdb_snowflake_pipeline', 'extract_from_tmdb', 'scheduled__2026-03-15T00:00:00+00:00', '--job-id', '3', '--raw', '--subdir', 'DAGS_FOLDER/tmdb_etl_dag.py', '--cfg-path', '/tmp/tmpyr767r98']
[2026-03-17T05:35:27.304+0000] {standard_task_runner.py:88} INFO - Job 3: Subtask extract_from_tmdb
[2026-03-17T05:35:27.364+0000] {task_command.py:423} INFO - Running <TaskInstance: tmdb_snowflake_pipeline.extract_from_tmdb scheduled__2026-03-15T00:00:00+00:00 [running]> on host 8e918576c6b6
[2026-03-17T05:35:27.442+0000] {taskinstance.py:2480} INFO - Exporting env vars: AIRFLOW_CTX_DAG_OWNER='chanpitou' AIRFLOW_CTX_DAG_ID='tmdb_snowflake_pipeline' AIRFLOW_CTX_TASK_ID='extract_from_tmdb' AIRFLOW_CTX_EXECUTION_DATE='2026-03-15T00:00:00+00:00' AIRFLOW_CTX_TRY_NUMBER='1' AIRFLOW_CTX_DAG_RUN_ID='scheduled__2026-03-15T00:00:00+00:00'
[2026-03-17T05:35:27.862+0000] {extract_api_data.py:28} INFO - Collecting movies ids from page 1
[2026-03-17T05:35:28.339+0000] {extract_api_data.py:28} INFO - Collecting movies ids from page 2
[2026-03-17T05:35:28.340+0000] {extract_api_data.py:33} INFO - Found 40 movies, begin collecting details and credits of each movie
[2026-03-17T05:35:44.800+0000] {extract_api_data.py:60} INFO - Saving json data to /opt/***/data/enriched_movies.json
[2026-03-17T05:35:44.930+0000] {python.py:201} INFO - Done. Returned value was: None
[2026-03-17T05:35:44.941+0000] {taskinstance.py:1138} INFO - Marking task as SUCCESS. dag_id=tmdb_snowflake_pipeline, task_id=extract_from_tmdb, execution_date=20260315T000000, start_date=20260317T053527, end_date=20260317T053544
[2026-03-17T05:35:44.994+0000] {local_task_job_runner.py:234} INFO - Task exited with return code 0
[2026-03-17T05:35:45.012+0000] {taskinstance.py:3280} INFO - 1 downstream tasks scheduled from follow-on schedule check
