[2026-03-17T04:37:00.015+0000] {taskinstance.py:1956} INFO - Dependencies all met for dep_context=non-requeueable deps ti=<TaskInstance: tmdb_snowflake_pipeline.extract_from_tmdb manual__2026-03-17T04:30:52.772195+00:00 [queued]>
[2026-03-17T04:37:00.021+0000] {taskinstance.py:1956} INFO - Dependencies all met for dep_context=requeueable deps ti=<TaskInstance: tmdb_snowflake_pipeline.extract_from_tmdb manual__2026-03-17T04:30:52.772195+00:00 [queued]>
[2026-03-17T04:37:00.021+0000] {taskinstance.py:2170} INFO - Starting attempt 2 of 3
[2026-03-17T04:37:00.033+0000] {taskinstance.py:2191} INFO - Executing <Task(PythonOperator): extract_from_tmdb> on 2026-03-17 04:30:52.772195+00:00
[2026-03-17T04:37:00.040+0000] {standard_task_runner.py:60} INFO - Started process 407 to run task
[2026-03-17T04:37:00.045+0000] {standard_task_runner.py:87} INFO - Running: ['***', 'tasks', 'run', 'tmdb_snowflake_pipeline', 'extract_from_tmdb', 'manual__2026-03-17T04:30:52.772195+00:00', '--job-id', '28', '--raw', '--subdir', 'DAGS_FOLDER/tmdb_etl_dag.py', '--cfg-path', '/tmp/tmp38nehoee']
[2026-03-17T04:37:00.048+0000] {standard_task_runner.py:88} INFO - Job 28: Subtask extract_from_tmdb
[2026-03-17T04:37:00.108+0000] {task_command.py:423} INFO - Running <TaskInstance: tmdb_snowflake_pipeline.extract_from_tmdb manual__2026-03-17T04:30:52.772195+00:00 [running]> on host f4f38eb70c64
[2026-03-17T04:37:00.187+0000] {taskinstance.py:2480} INFO - Exporting env vars: AIRFLOW_CTX_DAG_OWNER='chanpitou' AIRFLOW_CTX_DAG_ID='tmdb_snowflake_pipeline' AIRFLOW_CTX_TASK_ID='extract_from_tmdb' AIRFLOW_CTX_EXECUTION_DATE='2026-03-17T04:30:52.772195+00:00' AIRFLOW_CTX_TRY_NUMBER='2' AIRFLOW_CTX_DAG_RUN_ID='manual__2026-03-17T04:30:52.772195+00:00'
[2026-03-17T04:37:00.832+0000] {extract_api_data.py:28} INFO - Collecting movies ids from page 1
[2026-03-17T04:37:01.332+0000] {extract_api_data.py:28} INFO - Collecting movies ids from page 2
[2026-03-17T04:37:01.753+0000] {extract_api_data.py:28} INFO - Collecting movies ids from page 3
[2026-03-17T04:37:02.152+0000] {extract_api_data.py:28} INFO - Collecting movies ids from page 4
[2026-03-17T04:37:02.530+0000] {extract_api_data.py:28} INFO - Collecting movies ids from page 5
[2026-03-17T04:37:02.531+0000] {extract_api_data.py:33} INFO - Found 100 movies, begin collecting details and credits of each movie
[2026-03-17T04:37:43.195+0000] {extract_api_data.py:60} INFO - Saving json data to /opt/***/data/enriched_movies.json
[2026-03-17T04:37:43.529+0000] {python.py:201} INFO - Done. Returned value was: None
[2026-03-17T04:37:43.541+0000] {taskinstance.py:1138} INFO - Marking task as SUCCESS. dag_id=tmdb_snowflake_pipeline, task_id=extract_from_tmdb, execution_date=20260317T043052, start_date=20260317T043700, end_date=20260317T043743
[2026-03-17T04:37:43.591+0000] {local_task_job_runner.py:234} INFO - Task exited with return code 0
[2026-03-17T04:37:43.606+0000] {taskinstance.py:3280} INFO - 0 downstream tasks scheduled from follow-on schedule check
