[2026-03-17T05:36:00.599+0000] {taskinstance.py:1956} INFO - Dependencies all met for dep_context=non-requeueable deps ti=<TaskInstance: tmdb_snowflake_pipeline.transform_and_load_to_snowflake manual__2026-03-17T05:35:38.951407+00:00 [queued]>
[2026-03-17T05:36:00.605+0000] {taskinstance.py:1956} INFO - Dependencies all met for dep_context=requeueable deps ti=<TaskInstance: tmdb_snowflake_pipeline.transform_and_load_to_snowflake manual__2026-03-17T05:35:38.951407+00:00 [queued]>
[2026-03-17T05:36:00.606+0000] {taskinstance.py:2170} INFO - Starting attempt 1 of 1
[2026-03-17T05:36:00.615+0000] {taskinstance.py:2191} INFO - Executing <Task(PythonOperator): transform_and_load_to_snowflake> on 2026-03-17 05:35:38.951407+00:00
[2026-03-17T05:36:00.623+0000] {standard_task_runner.py:60} INFO - Started process 291 to run task
[2026-03-17T05:36:00.627+0000] {standard_task_runner.py:87} INFO - Running: ['***', 'tasks', 'run', 'tmdb_snowflake_pipeline', 'transform_and_load_to_snowflake', 'manual__2026-03-17T05:35:38.951407+00:00', '--job-id', '8', '--raw', '--subdir', 'DAGS_FOLDER/tmdb_etl_dag.py', '--cfg-path', '/tmp/tmpq4fbl56e']
[2026-03-17T05:36:00.631+0000] {standard_task_runner.py:88} INFO - Job 8: Subtask transform_and_load_to_snowflake
[2026-03-17T05:36:00.687+0000] {task_command.py:423} INFO - Running <TaskInstance: tmdb_snowflake_pipeline.transform_and_load_to_snowflake manual__2026-03-17T05:35:38.951407+00:00 [running]> on host 8e918576c6b6
[2026-03-17T05:36:00.764+0000] {taskinstance.py:2480} INFO - Exporting env vars: AIRFLOW_CTX_DAG_OWNER='chanpitou' AIRFLOW_CTX_DAG_ID='tmdb_snowflake_pipeline' AIRFLOW_CTX_TASK_ID='transform_and_load_to_snowflake' AIRFLOW_CTX_EXECUTION_DATE='2026-03-17T05:35:38.951407+00:00' AIRFLOW_CTX_TRY_NUMBER='1' AIRFLOW_CTX_DAG_RUN_ID='manual__2026-03-17T05:35:38.951407+00:00'
[2026-03-17T05:36:00.765+0000] {logging_mixin.py:188} INFO - asdasdasd2: host.docker.internal
[2026-03-17T05:36:00.766+0000] {logging_mixin.py:188} INFO - DEBUG: Loading .env from /opt/***/.env
[2026-03-17T05:36:00.766+0000] {logging_mixin.py:188} INFO - DEBUG: Found User: postgres
[2026-03-17T05:36:00.766+0000] {logging_mixin.py:188} INFO - DEBUG: Found Host: host.docker.internal
[2026-03-17T05:36:00.769+0000] {db_utils.py:38} INFO - Connection to PostgreSQL successful
[2026-03-17T05:36:00.769+0000] {logging_mixin.py:188} INFO - Engine(postgresql+psycopg2://postgres:***@host.docker.internal:5432/TMDB_Stage)
[2026-03-17T05:36:01.462+0000] {connection.py:370} INFO - Snowflake Connector for Python Version: 3.6.0, Python Version: 3.11.8, Platform: Linux-6.6.87.2-microsoft-standard-WSL2-x86_64-with-glibc2.36
[2026-03-17T05:36:01.463+0000] {connection.py:1171} INFO - This connection is in OCSP Fail Open Mode. TLS Certificates would be checked for validity and revocation status. Any other Certificate Revocation related exceptions or OCSP Responder failures would be disregarded in favor of connectivity.
[2026-03-17T05:36:02.265+0000] {cursor.py:1028} INFO - query: [CREATE TEMP STAGE /* Python:snowflake.connector.pandas_tools.write_pandas() */ "...]
[2026-03-17T05:36:02.568+0000] {cursor.py:1041} INFO - query execution done
[2026-03-17T05:36:02.570+0000] {cursor.py:1205} INFO - Number of results in first chunk: 1
[2026-03-17T05:36:02.583+0000] {cursor.py:1028} INFO - query: [PUT /* Python:snowflake.connector.pandas_tools.write_pandas() */ 'file:///tmp/tm...]
[2026-03-17T05:36:02.860+0000] {cursor.py:1041} INFO - query execution done
[2026-03-17T05:36:04.044+0000] {cursor.py:1028} INFO - query: [CREATE TEMP FILE FORMAT "TMDB_DB"."ANALYTICS"."uiyxjkdkpz" /* Python:snowflake.c...]
[2026-03-17T05:36:04.236+0000] {cursor.py:1041} INFO - query execution done
[2026-03-17T05:36:04.236+0000] {cursor.py:1205} INFO - Number of results in first chunk: 1
[2026-03-17T05:36:04.237+0000] {cursor.py:1028} INFO - query: [SELECT COLUMN_NAME, TYPE FROM table(infer_schema(location=>'@"TMDB_DB"."ANALYTIC...]
[2026-03-17T05:36:04.711+0000] {cursor.py:1041} INFO - query execution done
[2026-03-17T05:36:04.711+0000] {cursor.py:1205} INFO - Number of results in first chunk: 6
[2026-03-17T05:36:04.712+0000] {cursor.py:1028} INFO - query: [CREATE  TABLE IF NOT EXISTS "TMDB_DB"."ANALYTICS"."dcjevsgmrk" ("TMDB_ID" NUMBER...]
[2026-03-17T05:36:05.069+0000] {cursor.py:1041} INFO - query execution done
[2026-03-17T05:36:05.070+0000] {cursor.py:1205} INFO - Number of results in first chunk: 1
[2026-03-17T05:36:05.070+0000] {cursor.py:1028} INFO - query: [COPY INTO "TMDB_DB"."ANALYTICS"."dcjevsgmrk" /* Python:snowflake.connector.panda...]
[2026-03-17T05:36:06.241+0000] {cursor.py:1041} INFO - query execution done
[2026-03-17T05:36:06.242+0000] {cursor.py:1205} INFO - Number of results in first chunk: 1
[2026-03-17T05:36:06.243+0000] {cursor.py:1028} INFO - query: [DROP TABLE IF EXISTS "TMDB_DB"."ANALYTICS"."DIM_MOVIES" /* Python:snowflake.conn...]
[2026-03-17T05:36:06.528+0000] {cursor.py:1041} INFO - query execution done
[2026-03-17T05:36:06.528+0000] {cursor.py:1205} INFO - Number of results in first chunk: 1
[2026-03-17T05:36:06.529+0000] {cursor.py:1028} INFO - query: [ALTER TABLE "TMDB_DB"."ANALYTICS"."dcjevsgmrk" RENAME TO "TMDB_DB"."ANALYTICS"."...]
[2026-03-17T05:36:06.866+0000] {cursor.py:1041} INFO - query execution done
[2026-03-17T05:36:06.867+0000] {cursor.py:1205} INFO - Number of results in first chunk: 1
[2026-03-17T05:36:06.867+0000] {logging_mixin.py:188} INFO - Successfully loaded 286 rows into DIM_MOVIES.
[2026-03-17T05:36:06.867+0000] {connection.py:718} INFO - closed
[2026-03-17T05:36:07.085+0000] {connection.py:724} INFO - No async queries seem to be running, deleting session
[2026-03-17T05:36:07.235+0000] {python.py:201} INFO - Done. Returned value was: None
[2026-03-17T05:36:07.247+0000] {taskinstance.py:1138} INFO - Marking task as SUCCESS. dag_id=tmdb_snowflake_pipeline, task_id=transform_and_load_to_snowflake, execution_date=20260317T053538, start_date=20260317T053600, end_date=20260317T053607
[2026-03-17T05:36:07.307+0000] {local_task_job_runner.py:234} INFO - Task exited with return code 0
[2026-03-17T05:36:07.323+0000] {taskinstance.py:3280} INFO - 0 downstream tasks scheduled from follow-on schedule check
