[2026-03-17T05:28:23.088+0000] {taskinstance.py:1956} INFO - Dependencies all met for dep_context=non-requeueable deps ti=<TaskInstance: tmdb_snowflake_pipeline.transform_and_load_to_snowflake manual__2026-03-17T05:28:03.062315+00:00 [queued]>
[2026-03-17T05:28:23.093+0000] {taskinstance.py:1956} INFO - Dependencies all met for dep_context=requeueable deps ti=<TaskInstance: tmdb_snowflake_pipeline.transform_and_load_to_snowflake manual__2026-03-17T05:28:03.062315+00:00 [queued]>
[2026-03-17T05:28:23.094+0000] {taskinstance.py:2170} INFO - Starting attempt 1 of 1
[2026-03-17T05:28:23.103+0000] {taskinstance.py:2191} INFO - Executing <Task(PythonOperator): transform_and_load_to_snowflake> on 2026-03-17 05:28:03.062315+00:00
[2026-03-17T05:28:23.110+0000] {standard_task_runner.py:60} INFO - Started process 721 to run task
[2026-03-17T05:28:23.113+0000] {standard_task_runner.py:87} INFO - Running: ['***', 'tasks', 'run', 'tmdb_snowflake_pipeline', 'transform_and_load_to_snowflake', 'manual__2026-03-17T05:28:03.062315+00:00', '--job-id', '23', '--raw', '--subdir', 'DAGS_FOLDER/tmdb_etl_dag.py', '--cfg-path', '/tmp/tmp5oly3lny']
[2026-03-17T05:28:23.116+0000] {standard_task_runner.py:88} INFO - Job 23: Subtask transform_and_load_to_snowflake
[2026-03-17T05:28:23.165+0000] {task_command.py:423} INFO - Running <TaskInstance: tmdb_snowflake_pipeline.transform_and_load_to_snowflake manual__2026-03-17T05:28:03.062315+00:00 [running]> on host 5dfd1533d1bc
[2026-03-17T05:28:23.234+0000] {taskinstance.py:2480} INFO - Exporting env vars: AIRFLOW_CTX_DAG_OWNER='chanpitou' AIRFLOW_CTX_DAG_ID='tmdb_snowflake_pipeline' AIRFLOW_CTX_TASK_ID='transform_and_load_to_snowflake' AIRFLOW_CTX_EXECUTION_DATE='2026-03-17T05:28:03.062315+00:00' AIRFLOW_CTX_TRY_NUMBER='1' AIRFLOW_CTX_DAG_RUN_ID='manual__2026-03-17T05:28:03.062315+00:00'
[2026-03-17T05:28:23.236+0000] {logging_mixin.py:188} INFO - asdasdasd2: localhost
[2026-03-17T05:28:23.237+0000] {taskinstance.py:2698} ERROR - Task failed with exception
Traceback (most recent call last):
  File "/home/airflow/.local/lib/python3.11/site-packages/airflow/models/taskinstance.py", line 433, in _execute_task
    result = execute_callable(context=context, **execute_callable_kwargs)
             ^^^^^^^^^^^^^^^^^^^^^^^^^^^^^^^^^^^^^^^^^^^^^^^^^^^^^^^^^^^^
  File "/home/airflow/.local/lib/python3.11/site-packages/airflow/operators/python.py", line 199, in execute
    return_value = self.execute_callable()
                   ^^^^^^^^^^^^^^^^^^^^^^^
  File "/home/airflow/.local/lib/python3.11/site-packages/airflow/operators/python.py", line 216, in execute_callable
    return self.python_callable(*self.op_args, **self.op_kwargs)
           ^^^^^^^^^^^^^^^^^^^^^^^^^^^^^^^^^^^^^^^^^^^^^^^^^^^^^
  File "/opt/airflow/dags/tmdb_etl_dag.py", line 32, in run_transformation_and_load
    raw_df = fetch_json_data()
             ^^^^^^^^^^^^^^^^^
  File "/opt/airflow/src/transform/transformations.py", line 6, in fetch_json_data
    engine = connect_to_db()
             ^^^^^^^^^^^^^^^
  File "/opt/airflow/src/utils/db_utils.py", line 32, in connect_to_db
    print(f"DEBUG: Loading .env from {env_path}")
                                      ^^^^^^^^
NameError: name 'env_path' is not defined
[2026-03-17T05:28:23.260+0000] {taskinstance.py:1138} INFO - Marking task as FAILED. dag_id=tmdb_snowflake_pipeline, task_id=transform_and_load_to_snowflake, execution_date=20260317T052803, start_date=20260317T052823, end_date=20260317T052823
[2026-03-17T05:28:23.268+0000] {standard_task_runner.py:107} ERROR - Failed to execute job 23 for task transform_and_load_to_snowflake (name 'env_path' is not defined; 721)
[2026-03-17T05:28:23.286+0000] {local_task_job_runner.py:234} INFO - Task exited with return code 1
[2026-03-17T05:28:23.303+0000] {taskinstance.py:3280} INFO - 0 downstream tasks scheduled from follow-on schedule check
